-------------------------------------------------------------------------------
Test set: awesome.code.AspectTest
-------------------------------------------------------------------------------
Tests run: 1, Failures: 0, Errors: 1, Skipped: 0, Time elapsed: 1.278 sec <<< FAILURE!
runAspects(awesome.code.AspectTest)  Time elapsed: 1.223 sec  <<< ERROR!
java.lang.StackOverflowError
	at java.lang.StringBuilder.append(StringBuilder.java:120)
	at java.lang.StringBuilder.<init>(StringBuilder.java:94)
	at amazing.code.LoggingAspect.logMethodAccess(LoggingAspect.java:16)
	at amazing.code.LoggingAspect.logMethodAccess(LoggingAspect.java:16)
	at amazing.code.LoggingAspect.logMethodAccess(LoggingAspect.java:16)
	at amazing.code.LoggingAspect.logMethodAccess(LoggingAspect.java:16)
	at amazing.code.LoggingAspect.logMethodAccess(LoggingAspect.java:16)
	at amazing.code.LoggingAspect.logMethodAccess(LoggingAspect.java:16)
	at amazing.code.LoggingAspect.logMethodAccess(LoggingAspect.java:16)
	at amazing.code.LoggingAspect.logMethodAccess(LoggingAspect.java:16)
	at amazing.code.LoggingAspect.logMethodAccess(LoggingAspect.java:16)
	at amazing.code.LoggingAspect.logMethodAccess(LoggingAspect.java:16)
	at amazing.code.LoggingAspect.logMethodAccess(LoggingAspect.java:16)
	at amazing.code.LoggingAspect.logMethodAccess(LoggingAspect.java:16)
	at amazing.code.LoggingAspect.logMethodAccess(LoggingAspect.java:16)
	at amazing.code.LoggingAspect.logMethodAccess(LoggingAspect.java:16)
	at amazing.code.LoggingAspect.logMethodAccess(LoggingAspect.java:16)
	at amazing.code.LoggingAspect.logMethodAccess(LoggingAspect.java:16)
	at amazing.code.LoggingAspect.logMethodAccess(LoggingAspect.java:16)
	at amazing.code.LoggingAspect.logMethodAccess(LoggingAspect.java:16)
	at amazing.code.LoggingAspect.logMethodAccess(LoggingAspect.java:16)
	at amazing.code.LoggingAspect.logMethodAccess(LoggingAspect.java:16)
	at amazing.code.LoggingAspect.logMethodAccess(LoggingAspect.java:16)
	at amazing.code.LoggingAspect.logMethodAccess(LoggingAspect.java:16)
	at amazing.code.LoggingAspect.logMethodAccess(LoggingAspect.java:16)
	at amazing.code.LoggingAspect.logMethodAccess(LoggingAspect.java:16)
	at amazing.code.LoggingAspect.logMethodAccess(LoggingAspect.java:16)
	at amazing.code.LoggingAspect.logMethodAccess(LoggingAspect.java:16)
	at amazing.code.LoggingAspect.logMethodAccess(LoggingAspect.java:16)
	at amazing.code.LoggingAspect.logMethodAccess(LoggingAspect.java:16)
	at amazing.code.LoggingAspect.logMethodAccess(LoggingAspect.java:16)
	at amazing.code.LoggingAspect.logMethodAccess(LoggingAspect.java:16)
	at amazing.code.LoggingAspect.logMethodAccess(LoggingAspect.java:16)
	at amazing.code.LoggingAspect.logMethodAccess(LoggingAspect.java:16)
	at amazing.code.LoggingAspect.logMethodAccess(LoggingAspect.java:16)
	at amazing.code.LoggingAspect.logMethodAccess(LoggingAspect.java:16)
	at amazing.code.LoggingAspect.logMethodAccess(LoggingAspect.java:16)
	at amazing.code.LoggingAspect.logMethodAccess(LoggingAspect.java:16)
	at amazing.code.LoggingAspect.logMethodAccess(LoggingAspect.java:16)
	at amazing.code.LoggingAspect.logMethodAccess(LoggingAspect.java:16)
	at amazing.code.LoggingAspect.logMethodAccess(LoggingAspect.java:16)
	at amazing.code.LoggingAspect.logMethodAccess(LoggingAspect.java:16)
	at amazing.code.LoggingAspect.logMethodAccess(LoggingAspect.java:16)
	at amazing.code.LoggingAspect.logMethodAccess(LoggingAspect.java:16)
	at amazing.code.LoggingAspect.logMethodAccess(LoggingAspect.java:16)
	at amazing.code.LoggingAspect.logMethodAccess(LoggingAspect.java:16)
	at amazing.code.LoggingAspect.logMethodAccess(LoggingAspect.java:16)
	at amazing.code.LoggingAspect.logMethodAccess(LoggingAspect.java:16)
	at amazing.code.LoggingAspect.logMethodAccess(LoggingAspect.java:16)
	at amazing.code.LoggingAspect.logMethodAccess(LoggingAspect.java:16)
	at amazing.code.LoggingAspect.logMethodAccess(LoggingAspect.java:16)
	at amazing.code.LoggingAspect.logMethodAccess(LoggingAspect.java:16)
	at amazing.code.LoggingAspect.logMethodAccess(LoggingAspect.java:16)
	at amazing.code.LoggingAspect.logMethodAccess(LoggingAspect.java:16)
	at amazing.code.LoggingAspect.logMethodAccess(LoggingAspect.java:16)
	at amazing.code.LoggingAspect.logMethodAccess(LoggingAspect.java:16)
	at amazing.code.LoggingAspect.logMethodAccess(LoggingAspect.java:16)
	at amazing.code.LoggingAspect.logMethodAccess(LoggingAspect.java:16)
	at amazing.code.LoggingAspect.logMethodAccess(LoggingAspect.java:16)
	at amazing.code.LoggingAspect.logMethodAccess(LoggingAspect.java:16)
	at amazing.code.LoggingAspect.logMethodAccess(LoggingAspect.java:16)
	at amazing.code.LoggingAspect.logMethodAccess(LoggingAspect.java:16)
	at amazing.code.LoggingAspect.logMethodAccess(LoggingAspect.java:16)
	at amazing.code.LoggingAspect.logMethodAccess(LoggingAspect.java:16)
	at amazing.code.LoggingAspect.logMethodAccess(LoggingAspect.java:16)
	at amazing.code.LoggingAspect.logMethodAccess(LoggingAspect.java:16)
	at amazing.code.LoggingAspect.logMethodAccess(LoggingAspect.java:16)
	at amazing.code.LoggingAspect.logMethodAccess(LoggingAspect.java:16)
	at amazing.code.LoggingAspect.logMethodAccess(LoggingAspect.java:16)
	at amazing.code.LoggingAspect.logMethodAccess(LoggingAspect.java:16)
	at amazing.code.LoggingAspect.logMethodAccess(LoggingAspect.java:16)
	at amazing.code.LoggingAspect.logMethodAccess(LoggingAspect.java:16)
	at amazing.code.LoggingAspect.logMethodAccess(LoggingAspect.java:16)
	at amazing.code.LoggingAspect.logMethodAccess(LoggingAspect.java:16)
	at amazing.code.LoggingAspect.logMethodAccess(LoggingAspect.java:16)
	at amazing.code.LoggingAspect.logMethodAccess(LoggingAspect.java:16)
	at amazing.code.LoggingAspect.logMethodAccess(LoggingAspect.java:16)
	at amazing.code.LoggingAspect.logMethodAccess(LoggingAspect.java:16)
	at amazing.code.LoggingAspect.logMethodAccess(LoggingAspect.java:16)
	at amazing.code.LoggingAspect.logMethodAccess(LoggingAspect.java:16)
	at amazing.code.LoggingAspect.logMethodAccess(LoggingAspect.java:16)
	at amazing.code.LoggingAspect.logMethodAccess(LoggingAspect.java:16)
	at amazing.code.LoggingAspect.logMethodAccess(LoggingAspect.java:16)
	at amazing.code.LoggingAspect.logMethodAccess(LoggingAspect.java:16)
	at amazing.code.LoggingAspect.logMethodAccess(LoggingAspect.java:16)
	at amazing.code.LoggingAspect.logMethodAccess(LoggingAspect.java:16)
	at amazing.code.LoggingAspect.logMethodAccess(LoggingAspect.java:16)
	at amazing.code.LoggingAspect.logMethodAccess(LoggingAspect.java:16)
	at amazing.code.LoggingAspect.logMethodAccess(LoggingAspect.java:16)
	at amazing.code.LoggingAspect.logMethodAccess(LoggingAspect.java:16)
	at amazing.code.LoggingAspect.logMethodAccess(LoggingAspect.java:16)
	at amazing.code.LoggingAspect.logMethodAccess(LoggingAspect.java:16)
	at amazing.code.LoggingAspect.logMethodAccess(LoggingAspect.java:16)
	at amazing.code.LoggingAspect.logMethodAccess(LoggingAspect.java:16)
	at amazing.code.LoggingAspect.logMethodAccess(LoggingAspect.java:16)
	at amazing.code.LoggingAspect.logMethodAccess(LoggingAspect.java:16)
	at amazing.code.LoggingAspect.logMethodAccess(LoggingAspect.java:16)
	at amazing.code.LoggingAspect.logMethodAccess(LoggingAspect.java:16)
	at amazing.code.LoggingAspect.logMethodAccess(LoggingAspect.java:16)
	at amazing.code.LoggingAspect.logMethodAccess(LoggingAspect.java:16)
	at amazing.code.LoggingAspect.logMethodAccess(LoggingAspect.java:16)
	at amazing.code.LoggingAspect.logMethodAccess(LoggingAspect.java:16)
	at amazing.code.LoggingAspect.logMethodAccess(LoggingAspect.java:16)
	at amazing.code.LoggingAspect.logMethodAccess(LoggingAspect.java:16)
	at amazing.code.LoggingAspect.logMethodAccess(LoggingAspect.java:16)
	at amazing.code.LoggingAspect.logMethodAccess(LoggingAspect.java:16)
	at amazing.code.LoggingAspect.logMethodAccess(LoggingAspect.java:16)
	at amazing.code.LoggingAspect.logMethodAccess(LoggingAspect.java:16)
	at amazing.code.LoggingAspect.logMethodAccess(LoggingAspect.java:16)
	at amazing.code.LoggingAspect.logMethodAccess(LoggingAspect.java:16)
	at amazing.code.LoggingAspect.logMethodAccess(LoggingAspect.java:16)
	at amazing.code.LoggingAspect.logMethodAccess(LoggingAspect.java:16)
	at amazing.code.LoggingAspect.logMethodAccess(LoggingAspect.java:16)
	at amazing.code.LoggingAspect.logMethodAccess(LoggingAspect.java:16)
	at amazing.code.LoggingAspect.logMethodAccess(LoggingAspect.java:16)
	at amazing.code.LoggingAspect.logMethodAccess(LoggingAspect.java:16)
	at amazing.code.LoggingAspect.logMethodAccess(LoggingAspect.java:16)
	at amazing.code.LoggingAspect.logMethodAccess(LoggingAspect.java:16)
	at amazing.code.LoggingAspect.logMethodAccess(LoggingAspect.java:16)
	at amazing.code.LoggingAspect.logMethodAccess(LoggingAspect.java:16)
	at amazing.code.LoggingAspect.logMethodAccess(LoggingAspect.java:16)
	at amazing.code.LoggingAspect.logMethodAccess(LoggingAspect.java:16)
	at amazing.code.LoggingAspect.logMethodAccess(LoggingAspect.java:16)
	at amazing.code.LoggingAspect.logMethodAccess(LoggingAspect.java:16)
	at amazing.code.LoggingAspect.logMethodAccess(LoggingAspect.java:16)
	at amazing.code.LoggingAspect.logMethodAccess(LoggingAspect.java:16)
	at amazing.code.LoggingAspect.logMethodAccess(LoggingAspect.java:16)
	at amazing.code.LoggingAspect.logMethodAccess(LoggingAspect.java:16)
	at amazing.code.LoggingAspect.logMethodAccess(LoggingAspect.java:16)
	at amazing.code.LoggingAspect.logMethodAccess(LoggingAspect.java:16)
	at amazing.code.LoggingAspect.logMethodAccess(LoggingAspect.java:16)
	at amazing.code.LoggingAspect.logMethodAccess(LoggingAspect.java:16)
	at amazing.code.LoggingAspect.logMethodAccess(LoggingAspect.java:16)
	at amazing.code.LoggingAspect.logMethodAccess(LoggingAspect.java:16)
	at amazing.code.LoggingAspect.logMethodAccess(LoggingAspect.java:16)
	at amazing.code.LoggingAspect.logMethodAccess(LoggingAspect.java:16)
	at amazing.code.LoggingAspect.logMethodAccess(LoggingAspect.java:16)
	at amazing.code.LoggingAspect.logMethodAccess(LoggingAspect.java:16)
	at amazing.code.LoggingAspect.logMethodAccess(LoggingAspect.java:16)
	at amazing.code.LoggingAspect.logMethodAccess(LoggingAspect.java:16)
	at amazing.code.LoggingAspect.logMethodAccess(LoggingAspect.java:16)
	at amazing.code.LoggingAspect.logMethodAccess(LoggingAspect.java:16)
	at amazing.code.LoggingAspect.logMethodAccess(LoggingAspect.java:16)
	at amazing.code.LoggingAspect.logMethodAccess(LoggingAspect.java:16)
	at amazing.code.LoggingAspect.logMethodAccess(LoggingAspect.java:16)
	at amazing.code.LoggingAspect.logMethodAccess(LoggingAspect.java:16)
	at amazing.code.LoggingAspect.logMethodAccess(LoggingAspect.java:16)
	at amazing.code.LoggingAspect.logMethodAccess(LoggingAspect.java:16)
	at amazing.code.LoggingAspect.logMethodAccess(LoggingAspect.java:16)
	at amazing.code.LoggingAspect.logMethodAccess(LoggingAspect.java:16)
	at amazing.code.LoggingAspect.logMethodAccess(LoggingAspect.java:16)
	at amazing.code.LoggingAspect.logMethodAccess(LoggingAspect.java:16)
	at amazing.code.LoggingAspect.logMethodAccess(LoggingAspect.java:16)
	at amazing.code.LoggingAspect.logMethodAccess(LoggingAspect.java:16)
	at amazing.code.LoggingAspect.logMethodAccess(LoggingAspect.java:16)
	at amazing.code.LoggingAspect.logMethodAccess(LoggingAspect.java:16)
	at amazing.code.LoggingAspect.logMethodAccess(LoggingAspect.java:16)
	at amazing.code.LoggingAspect.logMethodAccess(LoggingAspect.java:16)
	at amazing.code.LoggingAspect.logMethodAccess(LoggingAspect.java:16)
	at amazing.code.LoggingAspect.logMethodAccess(LoggingAspect.java:16)
	at amazing.code.LoggingAspect.logMethodAccess(LoggingAspect.java:16)
	at amazing.code.LoggingAspect.logMethodAccess(LoggingAspect.java:16)
	at amazing.code.LoggingAspect.logMethodAccess(LoggingAspect.java:16)
	at amazing.code.LoggingAspect.logMethodAccess(LoggingAspect.java:16)
	at amazing.code.LoggingAspect.logMethodAccess(LoggingAspect.java:16)
	at amazing.code.LoggingAspect.logMethodAccess(LoggingAspect.java:16)
	at amazing.code.LoggingAspect.logMethodAccess(LoggingAspect.java:16)
	at amazing.code.LoggingAspect.logMethodAccess(LoggingAspect.java:16)
	at amazing.code.LoggingAspect.logMethodAccess(LoggingAspect.java:16)
	at amazing.code.LoggingAspect.logMethodAccess(LoggingAspect.java:16)
	at amazing.code.LoggingAspect.logMethodAccess(LoggingAspect.java:16)
	at amazing.code.LoggingAspect.logMethodAccess(LoggingAspect.java:16)
	at amazing.code.LoggingAspect.logMethodAccess(LoggingAspect.java:16)
	at amazing.code.LoggingAspect.logMethodAccess(LoggingAspect.java:16)
	at amazing.code.LoggingAspect.logMethodAccess(LoggingAspect.java:16)
	at amazing.code.LoggingAspect.logMethodAccess(LoggingAspect.java:16)
	at amazing.code.LoggingAspect.logMethodAccess(LoggingAspect.java:16)
	at amazing.code.LoggingAspect.logMethodAccess(LoggingAspect.java:16)
	at amazing.code.LoggingAspect.logMethodAccess(LoggingAspect.java:16)
	at amazing.code.LoggingAspect.logMethodAccess(LoggingAspect.java:16)
	at amazing.code.LoggingAspect.logMethodAccess(LoggingAspect.java:16)
	at amazing.code.LoggingAspect.logMethodAccess(LoggingAspect.java:16)
	at amazing.code.LoggingAspect.logMethodAccess(LoggingAspect.java:16)
	at amazing.code.LoggingAspect.logMethodAccess(LoggingAspect.java:16)
	at amazing.code.LoggingAspect.logMethodAccess(LoggingAspect.java:16)
	at amazing.code.LoggingAspect.logMethodAccess(LoggingAspect.java:16)
	at amazing.code.LoggingAspect.logMethodAccess(LoggingAspect.java:16)
	at amazing.code.LoggingAspect.logMethodAccess(LoggingAspect.java:16)
	at amazing.code.LoggingAspect.logMethodAccess(LoggingAspect.java:16)
	at amazing.code.LoggingAspect.logMethodAccess(LoggingAspect.java:16)
	at amazing.code.LoggingAspect.logMethodAccess(LoggingAspect.java:16)
	at amazing.code.LoggingAspect.logMethodAccess(LoggingAspect.java:16)
	at amazing.code.LoggingAspect.logMethodAccess(LoggingAspect.java:16)
	at amazing.code.LoggingAspect.logMethodAccess(LoggingAspect.java:16)
	at amazing.code.LoggingAspect.logMethodAccess(LoggingAspect.java:16)
	at amazing.code.LoggingAspect.logMethodAccess(LoggingAspect.java:16)
	at amazing.code.LoggingAspect.logMethodAccess(LoggingAspect.java:16)
	at amazing.code.LoggingAspect.logMethodAccess(LoggingAspect.java:16)
	at amazing.code.LoggingAspect.logMethodAccess(LoggingAspect.java:16)
	at amazing.code.LoggingAspect.logMethodAccess(LoggingAspect.java:16)
	at amazing.code.LoggingAspect.logMethodAccess(LoggingAspect.java:16)
	at amazing.code.LoggingAspect.logMethodAccess(LoggingAspect.java:16)
	at amazing.code.LoggingAspect.logMethodAccess(LoggingAspect.java:16)
	at amazing.code.LoggingAspect.logMethodAccess(LoggingAspect.java:16)
	at amazing.code.LoggingAspect.logMethodAccess(LoggingAspect.java:16)
	at amazing.code.LoggingAspect.logMethodAccess(LoggingAspect.java:16)
	at amazing.code.LoggingAspect.logMethodAccess(LoggingAspect.java:16)
	at amazing.code.LoggingAspect.logMethodAccess(LoggingAspect.java:16)
	at amazing.code.LoggingAspect.logMethodAccess(LoggingAspect.java:16)
	at amazing.code.LoggingAspect.logMethodAccess(LoggingAspect.java:16)
	at amazing.code.LoggingAspect.logMethodAccess(LoggingAspect.java:16)
	at amazing.code.LoggingAspect.logMethodAccess(LoggingAspect.java:16)
	at amazing.code.LoggingAspect.logMethodAccess(LoggingAspect.java:16)
	at amazing.code.LoggingAspect.logMethodAccess(LoggingAspect.java:16)
	at amazing.code.LoggingAspect.logMethodAccess(LoggingAspect.java:16)
	at amazing.code.LoggingAspect.logMethodAccess(LoggingAspect.java:16)
	at amazing.code.LoggingAspect.logMethodAccess(LoggingAspect.java:16)
	at amazing.code.LoggingAspect.logMethodAccess(LoggingAspect.java:16)
	at amazing.code.LoggingAspect.logMethodAccess(LoggingAspect.java:16)
	at amazing.code.LoggingAspect.logMethodAccess(LoggingAspect.java:16)
	at amazing.code.LoggingAspect.logMethodAccess(LoggingAspect.java:16)
	at amazing.code.LoggingAspect.logMethodAccess(LoggingAspect.java:16)
	at amazing.code.LoggingAspect.logMethodAccess(LoggingAspect.java:16)
	at amazing.code.LoggingAspect.logMethodAccess(LoggingAspect.java:16)
	at amazing.code.LoggingAspect.logMethodAccess(LoggingAspect.java:16)
	at amazing.code.LoggingAspect.logMethodAccess(LoggingAspect.java:16)
	at amazing.code.LoggingAspect.logMethodAccess(LoggingAspect.java:16)
	at amazing.code.LoggingAspect.logMethodAccess(LoggingAspect.java:16)
	at amazing.code.LoggingAspect.logMethodAccess(LoggingAspect.java:16)
	at amazing.code.LoggingAspect.logMethodAccess(LoggingAspect.java:16)
	at amazing.code.LoggingAspect.logMethodAccess(LoggingAspect.java:16)
	at amazing.code.LoggingAspect.logMethodAccess(LoggingAspect.java:16)
	at amazing.code.LoggingAspect.logMethodAccess(LoggingAspect.java:16)
	at amazing.code.LoggingAspect.logMethodAccess(LoggingAspect.java:16)
	at amazing.code.LoggingAspect.logMethodAccess(LoggingAspect.java:16)
	at amazing.code.LoggingAspect.logMethodAccess(LoggingAspect.java:16)
	at amazing.code.LoggingAspect.logMethodAccess(LoggingAspect.java:16)
	at amazing.code.LoggingAspect.logMethodAccess(LoggingAspect.java:16)
	at amazing.code.LoggingAspect.logMethodAccess(LoggingAspect.java:16)
	at amazing.code.LoggingAspect.logMethodAccess(LoggingAspect.java:16)
	at amazing.code.LoggingAspect.logMethodAccess(LoggingAspect.java:16)
	at amazing.code.LoggingAspect.logMethodAccess(LoggingAspect.java:16)
	at amazing.code.LoggingAspect.logMethodAccess(LoggingAspect.java:16)
	at amazing.code.LoggingAspect.logMethodAccess(LoggingAspect.java:16)
	at amazing.code.LoggingAspect.logMethodAccess(LoggingAspect.java:16)
	at amazing.code.LoggingAspect.logMethodAccess(LoggingAspect.java:16)
	at amazing.code.LoggingAspect.logMethodAccess(LoggingAspect.java:16)
	at amazing.code.LoggingAspect.logMethodAccess(LoggingAspect.java:16)
	at amazing.code.LoggingAspect.logMethodAccess(LoggingAspect.java:16)
	at amazing.code.LoggingAspect.logMethodAccess(LoggingAspect.java:16)
	at amazing.code.LoggingAspect.logMethodAccess(LoggingAspect.java:16)
	at amazing.code.LoggingAspect.logMethodAccess(LoggingAspect.java:16)
	at amazing.code.LoggingAspect.logMethodAccess(LoggingAspect.java:16)
	at amazing.code.LoggingAspect.logMethodAccess(LoggingAspect.java:16)
	at amazing.code.LoggingAspect.logMethodAccess(LoggingAspect.java:16)
	at amazing.code.LoggingAspect.logMethodAccess(LoggingAspect.java:16)
	at amazing.code.LoggingAspect.logMethodAccess(LoggingAspect.java:16)
	at amazing.code.LoggingAspect.logMethodAccess(LoggingAspect.java:16)
	at amazing.code.LoggingAspect.logMethodAccess(LoggingAspect.java:16)
	at amazing.code.LoggingAspect.logMethodAccess(LoggingAspect.java:16)
	at amazing.code.LoggingAspect.logMethodAccess(LoggingAspect.java:16)
	at amazing.code.LoggingAspect.logMethodAccess(LoggingAspect.java:16)
	at amazing.code.LoggingAspect.logMethodAccess(LoggingAspect.java:16)
	at amazing.code.LoggingAspect.logMethodAccess(LoggingAspect.java:16)
	at amazing.code.LoggingAspect.logMethodAccess(LoggingAspect.java:16)
	at amazing.code.LoggingAspect.logMethodAccess(LoggingAspect.java:16)
	at amazing.code.LoggingAspect.logMethodAccess(LoggingAspect.java:16)
	at amazing.code.LoggingAspect.logMethodAccess(LoggingAspect.java:16)
	at amazing.code.LoggingAspect.logMethodAccess(LoggingAspect.java:16)
	at amazing.code.LoggingAspect.logMethodAccess(LoggingAspect.java:16)
	at amazing.code.LoggingAspect.logMethodAccess(LoggingAspect.java:16)
	at amazing.code.LoggingAspect.logMethodAccess(LoggingAspect.java:16)
	at amazing.code.LoggingAspect.logMethodAccess(LoggingAspect.java:16)
	at amazing.code.LoggingAspect.logMethodAccess(LoggingAspect.java:16)
	at amazing.code.LoggingAspect.logMethodAccess(LoggingAspect.java:16)
	at amazing.code.LoggingAspect.logMethodAccess(LoggingAspect.java:16)
	at amazing.code.LoggingAspect.logMethodAccess(LoggingAspect.java:16)
	at amazing.code.LoggingAspect.logMethodAccess(LoggingAspect.java:16)
	at amazing.code.LoggingAspect.logMethodAccess(LoggingAspect.java:16)
	at amazing.code.LoggingAspect.logMethodAccess(LoggingAspect.java:16)
	at amazing.code.LoggingAspect.logMethodAccess(LoggingAspect.java:16)
	at amazing.code.LoggingAspect.logMethodAccess(LoggingAspect.java:16)
	at amazing.code.LoggingAspect.logMethodAccess(LoggingAspect.java:16)
	at amazing.code.LoggingAspect.logMethodAccess(LoggingAspect.java:16)
	at amazing.code.LoggingAspect.logMethodAccess(LoggingAspect.java:16)
	at amazing.code.LoggingAspect.logMethodAccess(LoggingAspect.java:16)
	at amazing.code.LoggingAspect.logMethodAccess(LoggingAspect.java:16)
	at amazing.code.LoggingAspect.logMethodAccess(LoggingAspect.java:16)
	at amazing.code.LoggingAspect.logMethodAccess(LoggingAspect.java:16)
	at amazing.code.LoggingAspect.logMethodAccess(LoggingAspect.java:16)
	at amazing.code.LoggingAspect.logMethodAccess(LoggingAspect.java:16)
	at amazing.code.LoggingAspect.logMethodAccess(LoggingAspect.java:16)
	at amazing.code.LoggingAspect.logMethodAccess(LoggingAspect.java:16)
	at amazing.code.LoggingAspect.logMethodAccess(LoggingAspect.java:16)
	at amazing.code.LoggingAspect.logMethodAccess(LoggingAspect.java:16)
	at amazing.code.LoggingAspect.logMethodAccess(LoggingAspect.java:16)
	at amazing.code.LoggingAspect.logMethodAccess(LoggingAspect.java:16)
	at amazing.code.LoggingAspect.logMethodAccess(LoggingAspect.java:16)
	at amazing.code.LoggingAspect.logMethodAccess(LoggingAspect.java:16)
	at amazing.code.LoggingAspect.logMethodAccess(LoggingAspect.java:16)
	at amazing.code.LoggingAspect.logMethodAccess(LoggingAspect.java:16)
	at amazing.code.LoggingAspect.logMethodAccess(LoggingAspect.java:16)
	at amazing.code.LoggingAspect.logMethodAccess(LoggingAspect.java:16)
	at amazing.code.LoggingAspect.logMethodAccess(LoggingAspect.java:16)
	at amazing.code.LoggingAspect.logMethodAccess(LoggingAspect.java:16)
	at amazing.code.LoggingAspect.logMethodAccess(LoggingAspect.java:16)
	at amazing.code.LoggingAspect.logMethodAccess(LoggingAspect.java:16)
	at amazing.code.LoggingAspect.logMethodAccess(LoggingAspect.java:16)
	at amazing.code.LoggingAspect.logMethodAccess(LoggingAspect.java:16)
	at amazing.code.LoggingAspect.logMethodAccess(LoggingAspect.java:16)
	at amazing.code.LoggingAspect.logMethodAccess(LoggingAspect.java:16)
	at amazing.code.LoggingAspect.logMethodAccess(LoggingAspect.java:16)
	at amazing.code.LoggingAspect.logMethodAccess(LoggingAspect.java:16)
	at amazing.code.LoggingAspect.logMethodAccess(LoggingAspect.java:16)
	at amazing.code.LoggingAspect.logMethodAccess(LoggingAspect.java:16)
	at amazing.code.LoggingAspect.logMethodAccess(LoggingAspect.java:16)
	at amazing.code.LoggingAspect.logMethodAccess(LoggingAspect.java:16)
	at amazing.code.LoggingAspect.logMethodAccess(LoggingAspect.java:16)
	at amazing.code.LoggingAspect.logMethodAccess(LoggingAspect.java:16)
	at amazing.code.LoggingAspect.logMethodAccess(LoggingAspect.java:16)
	at amazing.code.LoggingAspect.logMethodAccess(LoggingAspect.java:16)
	at amazing.code.LoggingAspect.logMethodAccess(LoggingAspect.java:16)
	at amazing.code.LoggingAspect.logMethodAccess(LoggingAspect.java:16)
	at amazing.code.LoggingAspect.logMethodAccess(LoggingAspect.java:16)
	at amazing.code.LoggingAspect.logMethodAccess(LoggingAspect.java:16)
	at amazing.code.LoggingAspect.logMethodAccess(LoggingAspect.java:16)
	at amazing.code.LoggingAspect.logMethodAccess(LoggingAspect.java:16)
	at amazing.code.LoggingAspect.logMethodAccess(LoggingAspect.java:16)
	at amazing.code.LoggingAspect.logMethodAccess(LoggingAspect.java:16)
	at amazing.code.LoggingAspect.logMethodAccess(LoggingAspect.java:16)
	at amazing.code.LoggingAspect.logMethodAccess(LoggingAspect.java:16)
	at amazing.code.LoggingAspect.logMethodAccess(LoggingAspect.java:16)
	at amazing.code.LoggingAspect.logMethodAccess(LoggingAspect.java:16)
	at amazing.code.LoggingAspect.logMethodAccess(LoggingAspect.java:16)
	at amazing.code.LoggingAspect.logMethodAccess(LoggingAspect.java:16)
	at amazing.code.LoggingAspect.logMethodAccess(LoggingAspect.java:16)
	at amazing.code.LoggingAspect.logMethodAccess(LoggingAspect.java:16)
	at amazing.code.LoggingAspect.logMethodAccess(LoggingAspect.java:16)
	at amazing.code.LoggingAspect.logMethodAccess(LoggingAspect.java:16)
	at amazing.code.LoggingAspect.logMethodAccess(LoggingAspect.java:16)
	at amazing.code.LoggingAspect.logMethodAccess(LoggingAspect.java:16)
	at amazing.code.LoggingAspect.logMethodAccess(LoggingAspect.java:16)
	at amazing.code.LoggingAspect.logMethodAccess(LoggingAspect.java:16)
	at amazing.code.LoggingAspect.logMethodAccess(LoggingAspect.java:16)
	at amazing.code.LoggingAspect.logMethodAccess(LoggingAspect.java:16)
	at amazing.code.LoggingAspect.logMethodAccess(LoggingAspect.java:16)
	at amazing.code.LoggingAspect.logMethodAccess(LoggingAspect.java:16)
	at amazing.code.LoggingAspect.logMethodAccess(LoggingAspect.java:16)
	at amazing.code.LoggingAspect.logMethodAccess(LoggingAspect.java:16)
	at amazing.code.LoggingAspect.logMethodAccess(LoggingAspect.java:16)
	at amazing.code.LoggingAspect.logMethodAccess(LoggingAspect.java:16)
	at amazing.code.LoggingAspect.logMethodAccess(LoggingAspect.java:16)
	at amazing.code.LoggingAspect.logMethodAccess(LoggingAspect.java:16)
	at amazing.code.LoggingAspect.logMethodAccess(LoggingAspect.java:16)
	at amazing.code.LoggingAspect.logMethodAccess(LoggingAspect.java:16)
	at amazing.code.LoggingAspect.logMethodAccess(LoggingAspect.java:16)
	at amazing.code.LoggingAspect.logMethodAccess(LoggingAspect.java:16)
	at amazing.code.LoggingAspect.logMethodAccess(LoggingAspect.java:16)
	at amazing.code.LoggingAspect.logMethodAccess(LoggingAspect.java:16)
	at amazing.code.LoggingAspect.logMethodAccess(LoggingAspect.java:16)
	at amazing.code.LoggingAspect.logMethodAccess(LoggingAspect.java:16)
	at amazing.code.LoggingAspect.logMethodAccess(LoggingAspect.java:16)
	at amazing.code.LoggingAspect.logMethodAccess(LoggingAspect.java:16)
	at amazing.code.LoggingAspect.logMethodAccess(LoggingAspect.java:16)
	at amazing.code.LoggingAspect.logMethodAccess(LoggingAspect.java:16)
	at amazing.code.LoggingAspect.logMethodAccess(LoggingAspect.java:16)
	at amazing.code.LoggingAspect.logMethodAccess(LoggingAspect.java:16)
	at amazing.code.LoggingAspect.logMethodAccess(LoggingAspect.java:16)
	at amazing.code.LoggingAspect.logMethodAccess(LoggingAspect.java:16)
	at amazing.code.LoggingAspect.logMethodAccess(LoggingAspect.java:16)
	at amazing.code.LoggingAspect.logMethodAccess(LoggingAspect.java:16)
	at amazing.code.LoggingAspect.logMethodAccess(LoggingAspect.java:16)
	at amazing.code.LoggingAspect.logMethodAccess(LoggingAspect.java:16)
	at amazing.code.LoggingAspect.logMethodAccess(LoggingAspect.java:16)
	at amazing.code.LoggingAspect.logMethodAccess(LoggingAspect.java:16)
	at amazing.code.LoggingAspect.logMethodAccess(LoggingAspect.java:16)
	at amazing.code.LoggingAspect.logMethodAccess(LoggingAspect.java:16)
	at amazing.code.LoggingAspect.logMethodAccess(LoggingAspect.java:16)
	at amazing.code.LoggingAspect.logMethodAccess(LoggingAspect.java:16)
	at amazing.code.LoggingAspect.logMethodAccess(LoggingAspect.java:16)
	at amazing.code.LoggingAspect.logMethodAccess(LoggingAspect.java:16)
	at amazing.code.LoggingAspect.logMethodAccess(LoggingAspect.java:16)
	at amazing.code.LoggingAspect.logMethodAccess(LoggingAspect.java:16)
	at amazing.code.LoggingAspect.logMethodAccess(LoggingAspect.java:16)
	at amazing.code.LoggingAspect.logMethodAccess(LoggingAspect.java:16)
	at amazing.code.LoggingAspect.logMethodAccess(LoggingAspect.java:16)
	at amazing.code.LoggingAspect.logMethodAccess(LoggingAspect.java:16)
	at amazing.code.LoggingAspect.logMethodAccess(LoggingAspect.java:16)
	at amazing.code.LoggingAspect.logMethodAccess(LoggingAspect.java:16)
	at amazing.code.LoggingAspect.logMethodAccess(LoggingAspect.java:16)
	at amazing.code.LoggingAspect.logMethodAccess(LoggingAspect.java:16)
	at amazing.code.LoggingAspect.logMethodAccess(LoggingAspect.java:16)
	at amazing.code.LoggingAspect.logMethodAccess(LoggingAspect.java:16)
	at amazing.code.LoggingAspect.logMethodAccess(LoggingAspect.java:16)
	at amazing.code.LoggingAspect.logMethodAccess(LoggingAspect.java:16)
	at amazing.code.LoggingAspect.logMethodAccess(LoggingAspect.java:16)
	at amazing.code.LoggingAspect.logMethodAccess(LoggingAspect.java:16)
	at amazing.code.LoggingAspect.logMethodAccess(LoggingAspect.java:16)
	at amazing.code.LoggingAspect.logMethodAccess(LoggingAspect.java:16)
	at amazing.code.LoggingAspect.logMethodAccess(LoggingAspect.java:16)
	at amazing.code.LoggingAspect.logMethodAccess(LoggingAspect.java:16)
	at amazing.code.LoggingAspect.logMethodAccess(LoggingAspect.java:16)
	at amazing.code.LoggingAspect.logMethodAccess(LoggingAspect.java:16)
	at amazing.code.LoggingAspect.logMethodAccess(LoggingAspect.java:16)
	at amazing.code.LoggingAspect.logMethodAccess(LoggingAspect.java:16)
	at amazing.code.LoggingAspect.logMethodAccess(LoggingAspect.java:16)
	at amazing.code.LoggingAspect.logMethodAccess(LoggingAspect.java:16)
	at amazing.code.LoggingAspect.logMethodAccess(LoggingAspect.java:16)
	at amazing.code.LoggingAspect.logMethodAccess(LoggingAspect.java:16)
	at amazing.code.LoggingAspect.logMethodAccess(LoggingAspect.java:16)
	at amazing.code.LoggingAspect.logMethodAccess(LoggingAspect.java:16)
	at amazing.code.LoggingAspect.logMethodAccess(LoggingAspect.java:16)
	at amazing.code.LoggingAspect.logMethodAccess(LoggingAspect.java:16)
	at amazing.code.LoggingAspect.logMethodAccess(LoggingAspect.java:16)
	at amazing.code.LoggingAspect.logMethodAccess(LoggingAspect.java:16)
	at amazing.code.LoggingAspect.logMethodAccess(LoggingAspect.java:16)
	at amazing.code.LoggingAspect.logMethodAccess(LoggingAspect.java:16)
	at amazing.code.LoggingAspect.logMethodAccess(LoggingAspect.java:16)
	at amazing.code.LoggingAspect.logMethodAccess(LoggingAspect.java:16)
	at amazing.code.LoggingAspect.logMethodAccess(LoggingAspect.java:16)
	at amazing.code.LoggingAspect.logMethodAccess(LoggingAspect.java:16)
	at amazing.code.LoggingAspect.logMethodAccess(LoggingAspect.java:16)
	at amazing.code.LoggingAspect.logMethodAccess(LoggingAspect.java:16)
	at amazing.code.LoggingAspect.logMethodAccess(LoggingAspect.java:16)
	at amazing.code.LoggingAspect.logMethodAccess(LoggingAspect.java:16)
	at amazing.code.LoggingAspect.logMethodAccess(LoggingAspect.java:16)
	at amazing.code.LoggingAspect.logMethodAccess(LoggingAspect.java:16)
	at amazing.code.LoggingAspect.logMethodAccess(LoggingAspect.java:16)
	at amazing.code.LoggingAspect.logMethodAccess(LoggingAspect.java:16)
	at amazing.code.LoggingAspect.logMethodAccess(LoggingAspect.java:16)
	at amazing.code.LoggingAspect.logMethodAccess(LoggingAspect.java:16)
	at amazing.code.LoggingAspect.logMethodAccess(LoggingAspect.java:16)
	at amazing.code.LoggingAspect.logMethodAccess(LoggingAspect.java:16)
	at amazing.code.LoggingAspect.logMethodAccess(LoggingAspect.java:16)
	at amazing.code.LoggingAspect.logMethodAccess(LoggingAspect.java:16)
	at amazing.code.LoggingAspect.logMethodAccess(LoggingAspect.java:16)
	at amazing.code.LoggingAspect.logMethodAccess(LoggingAspect.java:16)
	at amazing.code.LoggingAspect.logMethodAccess(LoggingAspect.java:16)
	at amazing.code.LoggingAspect.logMethodAccess(LoggingAspect.java:16)
	at amazing.code.LoggingAspect.logMethodAccess(LoggingAspect.java:16)
	at amazing.code.LoggingAspect.logMethodAccess(LoggingAspect.java:16)
	at amazing.code.LoggingAspect.logMethodAccess(LoggingAspect.java:16)
	at amazing.code.LoggingAspect.logMethodAccess(LoggingAspect.java:16)
	at amazing.code.LoggingAspect.logMethodAccess(LoggingAspect.java:16)
	at amazing.code.LoggingAspect.logMethodAccess(LoggingAspect.java:16)
	at amazing.code.LoggingAspect.logMethodAccess(LoggingAspect.java:16)
	at amazing.code.LoggingAspect.logMethodAccess(LoggingAspect.java:16)
	at amazing.code.LoggingAspect.logMethodAccess(LoggingAspect.java:16)
	at amazing.code.LoggingAspect.logMethodAccess(LoggingAspect.java:16)
	at amazing.code.LoggingAspect.logMethodAccess(LoggingAspect.java:16)
	at amazing.code.LoggingAspect.logMethodAccess(LoggingAspect.java:16)
	at amazing.code.LoggingAspect.logMethodAccess(LoggingAspect.java:16)
	at amazing.code.LoggingAspect.logMethodAccess(LoggingAspect.java:16)
	at amazing.code.LoggingAspect.logMethodAccess(LoggingAspect.java:16)
	at amazing.code.LoggingAspect.logMethodAccess(LoggingAspect.java:16)
	at amazing.code.LoggingAspect.logMethodAccess(LoggingAspect.java:16)
	at amazing.code.LoggingAspect.logMethodAccess(LoggingAspect.java:16)
	at amazing.code.LoggingAspect.logMethodAccess(LoggingAspect.java:16)
	at amazing.code.LoggingAspect.logMethodAccess(LoggingAspect.java:16)
	at amazing.code.LoggingAspect.logMethodAccess(LoggingAspect.java:16)
	at amazing.code.LoggingAspect.logMethodAccess(LoggingAspect.java:16)
	at amazing.code.LoggingAspect.logMethodAccess(LoggingAspect.java:16)
	at amazing.code.LoggingAspect.logMethodAccess(LoggingAspect.java:16)
	at amazing.code.LoggingAspect.logMethodAccess(LoggingAspect.java:16)
	at amazing.code.LoggingAspect.logMethodAccess(LoggingAspect.java:16)
	at amazing.code.LoggingAspect.logMethodAccess(LoggingAspect.java:16)
	at amazing.code.LoggingAspect.logMethodAccess(LoggingAspect.java:16)
	at amazing.code.LoggingAspect.logMethodAccess(LoggingAspect.java:16)
	at amazing.code.LoggingAspect.logMethodAccess(LoggingAspect.java:16)
	at amazing.code.LoggingAspect.logMethodAccess(LoggingAspect.java:16)
	at amazing.code.LoggingAspect.logMethodAccess(LoggingAspect.java:16)
	at amazing.code.LoggingAspect.logMethodAccess(LoggingAspect.java:16)
	at amazing.code.LoggingAspect.logMethodAccess(LoggingAspect.java:16)
	at amazing.code.LoggingAspect.logMethodAccess(LoggingAspect.java:16)
	at amazing.code.LoggingAspect.logMethodAccess(LoggingAspect.java:16)
	at amazing.code.LoggingAspect.logMethodAccess(LoggingAspect.java:16)
	at amazing.code.LoggingAspect.logMethodAccess(LoggingAspect.java:16)
	at amazing.code.LoggingAspect.logMethodAccess(LoggingAspect.java:16)
	at amazing.code.LoggingAspect.logMethodAccess(LoggingAspect.java:16)
	at amazing.code.LoggingAspect.logMethodAccess(LoggingAspect.java:16)
	at amazing.code.LoggingAspect.logMethodAccess(LoggingAspect.java:16)
	at amazing.code.LoggingAspect.logMethodAccess(LoggingAspect.java:16)
	at amazing.code.LoggingAspect.logMethodAccess(LoggingAspect.java:16)
	at amazing.code.LoggingAspect.logMethodAccess(LoggingAspect.java:16)
	at amazing.code.LoggingAspect.logMethodAccess(LoggingAspect.java:16)
	at amazing.code.LoggingAspect.logMethodAccess(LoggingAspect.java:16)
	at amazing.code.LoggingAspect.logMethodAccess(LoggingAspect.java:16)
	at amazing.code.LoggingAspect.logMethodAccess(LoggingAspect.java:16)
	at amazing.code.LoggingAspect.logMethodAccess(LoggingAspect.java:16)
	at amazing.code.LoggingAspect.logMethodAccess(LoggingAspect.java:16)
	at amazing.code.LoggingAspect.logMethodAccess(LoggingAspect.java:16)
	at amazing.code.LoggingAspect.logMethodAccess(LoggingAspect.java:16)
	at amazing.code.LoggingAspect.logMethodAccess(LoggingAspect.java:16)
	at amazing.code.LoggingAspect.logMethodAccess(LoggingAspect.java:16)
	at amazing.code.LoggingAspect.logMethodAccess(LoggingAspect.java:16)
	at amazing.code.LoggingAspect.logMethodAccess(LoggingAspect.java:16)
	at amazing.code.LoggingAspect.logMethodAccess(LoggingAspect.java:16)
	at amazing.code.LoggingAspect.logMethodAccess(LoggingAspect.java:16)
	at amazing.code.LoggingAspect.logMethodAccess(LoggingAspect.java:16)
	at amazing.code.LoggingAspect.logMethodAccess(LoggingAspect.java:16)
	at amazing.code.LoggingAspect.logMethodAccess(LoggingAspect.java:16)
	at amazing.code.LoggingAspect.logMethodAccess(LoggingAspect.java:16)
	at amazing.code.LoggingAspect.logMethodAccess(LoggingAspect.java:16)
	at amazing.code.LoggingAspect.logMethodAccess(LoggingAspect.java:16)
	at amazing.code.LoggingAspect.logMethodAccess(LoggingAspect.java:16)
	at amazing.code.LoggingAspect.logMethodAccess(LoggingAspect.java:16)
	at amazing.code.LoggingAspect.logMethodAccess(LoggingAspect.java:16)
	at amazing.code.LoggingAspect.logMethodAccess(LoggingAspect.java:16)
	at amazing.code.LoggingAspect.logMethodAccess(LoggingAspect.java:16)
	at amazing.code.LoggingAspect.logMethodAccess(LoggingAspect.java:16)
	at amazing.code.LoggingAspect.logMethodAccess(LoggingAspect.java:16)
	at amazing.code.LoggingAspect.logMethodAccess(LoggingAspect.java:16)
	at amazing.code.LoggingAspect.logMethodAccess(LoggingAspect.java:16)
	at amazing.code.LoggingAspect.logMethodAccess(LoggingAspect.java:16)
	at amazing.code.LoggingAspect.logMethodAccess(LoggingAspect.java:16)
	at amazing.code.LoggingAspect.logMethodAccess(LoggingAspect.java:16)
	at amazing.code.LoggingAspect.logMethodAccess(LoggingAspect.java:16)
	at amazing.code.LoggingAspect.logMethodAccess(LoggingAspect.java:16)
	at amazing.code.LoggingAspect.logMethodAccess(LoggingAspect.java:16)
	at amazing.code.LoggingAspect.logMethodAccess(LoggingAspect.java:16)
	at amazing.code.LoggingAspect.logMethodAccess(LoggingAspect.java:16)
	at amazing.code.LoggingAspect.logMethodAccess(LoggingAspect.java:16)
	at amazing.code.LoggingAspect.logMethodAccess(LoggingAspect.java:16)
	at amazing.code.LoggingAspect.logMethodAccess(LoggingAspect.java:16)
	at amazing.code.LoggingAspect.logMethodAccess(LoggingAspect.java:16)
	at amazing.code.LoggingAspect.logMethodAccess(LoggingAspect.java:16)
	at amazing.code.LoggingAspect.logMethodAccess(LoggingAspect.java:16)
	at amazing.code.LoggingAspect.logMethodAccess(LoggingAspect.java:16)
	at amazing.code.LoggingAspect.logMethodAccess(LoggingAspect.java:16)
	at amazing.code.LoggingAspect.logMethodAccess(LoggingAspect.java:16)
	at amazing.code.LoggingAspect.logMethodAccess(LoggingAspect.java:16)
	at amazing.code.LoggingAspect.logMethodAccess(LoggingAspect.java:16)
	at amazing.code.LoggingAspect.logMethodAccess(LoggingAspect.java:16)
	at amazing.code.LoggingAspect.logMethodAccess(LoggingAspect.java:16)
	at amazing.code.LoggingAspect.logMethodAccess(LoggingAspect.java:16)
	at amazing.code.LoggingAspect.logMethodAccess(LoggingAspect.java:16)
	at amazing.code.LoggingAspect.logMethodAccess(LoggingAspect.java:16)
	at amazing.code.LoggingAspect.logMethodAccess(LoggingAspect.java:16)
	at amazing.code.LoggingAspect.logMethodAccess(LoggingAspect.java:16)
	at amazing.code.LoggingAspect.logMethodAccess(LoggingAspect.java:16)
	at amazing.code.LoggingAspect.logMethodAccess(LoggingAspect.java:16)
	at amazing.code.LoggingAspect.logMethodAccess(LoggingAspect.java:16)
	at amazing.code.LoggingAspect.logMethodAccess(LoggingAspect.java:16)
	at amazing.code.LoggingAspect.logMethodAccess(LoggingAspect.java:16)
	at amazing.code.LoggingAspect.logMethodAccess(LoggingAspect.java:16)
	at amazing.code.LoggingAspect.logMethodAccess(LoggingAspect.java:16)
	at amazing.code.LoggingAspect.logMethodAccess(LoggingAspect.java:16)
	at amazing.code.LoggingAspect.logMethodAccess(LoggingAspect.java:16)
	at amazing.code.LoggingAspect.logMethodAccess(LoggingAspect.java:16)
	at amazing.code.LoggingAspect.logMethodAccess(LoggingAspect.java:16)
	at amazing.code.LoggingAspect.logMethodAccess(LoggingAspect.java:16)
	at amazing.code.LoggingAspect.logMethodAccess(LoggingAspect.java:16)
	at amazing.code.LoggingAspect.logMethodAccess(LoggingAspect.java:16)
	at amazing.code.LoggingAspect.logMethodAccess(LoggingAspect.java:16)
	at amazing.code.LoggingAspect.logMethodAccess(LoggingAspect.java:16)
	at amazing.code.LoggingAspect.logMethodAccess(LoggingAspect.java:16)
	at amazing.code.LoggingAspect.logMethodAccess(LoggingAspect.java:16)
	at amazing.code.LoggingAspect.logMethodAccess(LoggingAspect.java:16)
	at amazing.code.LoggingAspect.logMethodAccess(LoggingAspect.java:16)
	at amazing.code.LoggingAspect.logMethodAccess(LoggingAspect.java:16)
	at amazing.code.LoggingAspect.logMethodAccess(LoggingAspect.java:16)
	at amazing.code.LoggingAspect.logMethodAccess(LoggingAspect.java:16)
	at amazing.code.LoggingAspect.logMethodAccess(LoggingAspect.java:16)
	at amazing.code.LoggingAspect.logMethodAccess(LoggingAspect.java:16)
	at amazing.code.LoggingAspect.logMethodAccess(LoggingAspect.java:16)
	at amazing.code.LoggingAspect.logMethodAccess(LoggingAspect.java:16)
	at amazing.code.LoggingAspect.logMethodAccess(LoggingAspect.java:16)
	at amazing.code.LoggingAspect.logMethodAccess(LoggingAspect.java:16)
	at amazing.code.LoggingAspect.logMethodAccess(LoggingAspect.java:16)
	at amazing.code.LoggingAspect.logMethodAccess(LoggingAspect.java:16)
	at amazing.code.LoggingAspect.logMethodAccess(LoggingAspect.java:16)
	at amazing.code.LoggingAspect.logMethodAccess(LoggingAspect.java:16)
	at amazing.code.LoggingAspect.logMethodAccess(LoggingAspect.java:16)
	at amazing.code.LoggingAspect.logMethodAccess(LoggingAspect.java:16)
	at amazing.code.LoggingAspect.logMethodAccess(LoggingAspect.java:16)
	at amazing.code.LoggingAspect.logMethodAccess(LoggingAspect.java:16)
	at amazing.code.LoggingAspect.logMethodAccess(LoggingAspect.java:16)
	at amazing.code.LoggingAspect.logMethodAccess(LoggingAspect.java:16)
	at amazing.code.LoggingAspect.logMethodAccess(LoggingAspect.java:16)
	at amazing.code.LoggingAspect.logMethodAccess(LoggingAspect.java:16)
	at amazing.code.LoggingAspect.logMethodAccess(LoggingAspect.java:16)
	at amazing.code.LoggingAspect.logMethodAccess(LoggingAspect.java:16)
	at amazing.code.LoggingAspect.logMethodAccess(LoggingAspect.java:16)
	at amazing.code.LoggingAspect.logMethodAccess(LoggingAspect.java:16)
	at amazing.code.LoggingAspect.logMethodAccess(LoggingAspect.java:16)
	at amazing.code.LoggingAspect.logMethodAccess(LoggingAspect.java:16)
	at amazing.code.LoggingAspect.logMethodAccess(LoggingAspect.java:16)
	at amazing.code.LoggingAspect.logMethodAccess(LoggingAspect.java:16)
	at amazing.code.LoggingAspect.logMethodAccess(LoggingAspect.java:16)
	at amazing.code.LoggingAspect.logMethodAccess(LoggingAspect.java:16)
	at amazing.code.LoggingAspect.logMethodAccess(LoggingAspect.java:16)
	at amazing.code.LoggingAspect.logMethodAccess(LoggingAspect.java:16)
	at amazing.code.LoggingAspect.logMethodAccess(LoggingAspect.java:16)
	at amazing.code.LoggingAspect.logMethodAccess(LoggingAspect.java:16)
	at amazing.code.LoggingAspect.logMethodAccess(LoggingAspect.java:16)
	at amazing.code.LoggingAspect.logMethodAccess(LoggingAspect.java:16)
	at amazing.code.LoggingAspect.logMethodAccess(LoggingAspect.java:16)
	at amazing.code.LoggingAspect.logMethodAccess(LoggingAspect.java:16)
	at amazing.code.LoggingAspect.logMethodAccess(LoggingAspect.java:16)
	at amazing.code.LoggingAspect.logMethodAccess(LoggingAspect.java:16)
	at amazing.code.LoggingAspect.logMethodAccess(LoggingAspect.java:16)
	at amazing.code.LoggingAspect.logMethodAccess(LoggingAspect.java:16)
	at amazing.code.LoggingAspect.logMethodAccess(LoggingAspect.java:16)
	at amazing.code.LoggingAspect.logMethodAccess(LoggingAspect.java:16)
	at amazing.code.LoggingAspect.logMethodAccess(LoggingAspect.java:16)
	at amazing.code.LoggingAspect.logMethodAccess(LoggingAspect.java:16)
	at amazing.code.LoggingAspect.logMethodAccess(LoggingAspect.java:16)
	at amazing.code.LoggingAspect.logMethodAccess(LoggingAspect.java:16)
	at amazing.code.LoggingAspect.logMethodAccess(LoggingAspect.java:16)
	at amazing.code.LoggingAspect.logMethodAccess(LoggingAspect.java:16)
	at amazing.code.LoggingAspect.logMethodAccess(LoggingAspect.java:16)
	at amazing.code.LoggingAspect.logMethodAccess(LoggingAspect.java:16)
	at amazing.code.LoggingAspect.logMethodAccess(LoggingAspect.java:16)
	at amazing.code.LoggingAspect.logMethodAccess(LoggingAspect.java:16)
	at amazing.code.LoggingAspect.logMethodAccess(LoggingAspect.java:16)
	at amazing.code.LoggingAspect.logMethodAccess(LoggingAspect.java:16)
	at amazing.code.LoggingAspect.logMethodAccess(LoggingAspect.java:16)
	at amazing.code.LoggingAspect.logMethodAccess(LoggingAspect.java:16)
	at amazing.code.LoggingAspect.logMethodAccess(LoggingAspect.java:16)
	at amazing.code.LoggingAspect.logMethodAccess(LoggingAspect.java:16)
	at amazing.code.LoggingAspect.logMethodAccess(LoggingAspect.java:16)
	at amazing.code.LoggingAspect.logMethodAccess(LoggingAspect.java:16)
	at amazing.code.LoggingAspect.logMethodAccess(LoggingAspect.java:16)
	at amazing.code.LoggingAspect.logMethodAccess(LoggingAspect.java:16)
	at amazing.code.LoggingAspect.logMethodAccess(LoggingAspect.java:16)
	at amazing.code.LoggingAspect.logMethodAccess(LoggingAspect.java:16)
	at amazing.code.LoggingAspect.logMethodAccess(LoggingAspect.java:16)
	at amazing.code.LoggingAspect.logMethodAccess(LoggingAspect.java:16)
	at amazing.code.LoggingAspect.logMethodAccess(LoggingAspect.java:16)
	at amazing.code.LoggingAspect.logMethodAccess(LoggingAspect.java:16)
	at amazing.code.LoggingAspect.logMethodAccess(LoggingAspect.java:16)
	at amazing.code.LoggingAspect.logMethodAccess(LoggingAspect.java:16)
	at amazing.code.LoggingAspect.logMethodAccess(LoggingAspect.java:16)
	at amazing.code.LoggingAspect.logMethodAccess(LoggingAspect.java:16)
	at amazing.code.LoggingAspect.logMethodAccess(LoggingAspect.java:16)
	at amazing.code.LoggingAspect.logMethodAccess(LoggingAspect.java:16)
	at amazing.code.LoggingAspect.logMethodAccess(LoggingAspect.java:16)
	at amazing.code.LoggingAspect.logMethodAccess(LoggingAspect.java:16)
	at amazing.code.LoggingAspect.logMethodAccess(LoggingAspect.java:16)
	at amazing.code.LoggingAspect.logMethodAccess(LoggingAspect.java:16)
	at amazing.code.LoggingAspect.logMethodAccess(LoggingAspect.java:16)
	at amazing.code.LoggingAspect.logMethodAccess(LoggingAspect.java:16)
	at amazing.code.LoggingAspect.logMethodAccess(LoggingAspect.java:16)
	at amazing.code.LoggingAspect.logMethodAccess(LoggingAspect.java:16)
	at amazing.code.LoggingAspect.logMethodAccess(LoggingAspect.java:16)
	at amazing.code.LoggingAspect.logMethodAccess(LoggingAspect.java:16)
	at amazing.code.LoggingAspect.logMethodAccess(LoggingAspect.java:16)
	at amazing.code.LoggingAspect.logMethodAccess(LoggingAspect.java:16)
	at amazing.code.LoggingAspect.logMethodAccess(LoggingAspect.java:16)
	at amazing.code.LoggingAspect.logMethodAccess(LoggingAspect.java:16)
	at amazing.code.LoggingAspect.logMethodAccess(LoggingAspect.java:16)
	at amazing.code.LoggingAspect.logMethodAccess(LoggingAspect.java:16)
	at amazing.code.LoggingAspect.logMethodAccess(LoggingAspect.java:16)
	at amazing.code.LoggingAspect.logMethodAccess(LoggingAspect.java:16)
	at amazing.code.LoggingAspect.logMethodAccess(LoggingAspect.java:16)
	at amazing.code.LoggingAspect.logMethodAccess(LoggingAspect.java:16)
	at amazing.code.LoggingAspect.logMethodAccess(LoggingAspect.java:16)
	at amazing.code.LoggingAspect.logMethodAccess(LoggingAspect.java:16)
	at amazing.code.LoggingAspect.logMethodAccess(LoggingAspect.java:16)
	at amazing.code.LoggingAspect.logMethodAccess(LoggingAspect.java:16)
	at amazing.code.LoggingAspect.logMethodAccess(LoggingAspect.java:16)
	at amazing.code.LoggingAspect.logMethodAccess(LoggingAspect.java:16)
	at amazing.code.LoggingAspect.logMethodAccess(LoggingAspect.java:16)
	at amazing.code.LoggingAspect.logMethodAccess(LoggingAspect.java:16)
	at amazing.code.LoggingAspect.logMethodAccess(LoggingAspect.java:16)
	at amazing.code.LoggingAspect.logMethodAccess(LoggingAspect.java:16)
	at amazing.code.LoggingAspect.logMethodAccess(LoggingAspect.java:16)
	at amazing.code.LoggingAspect.logMethodAccess(LoggingAspect.java:16)
	at amazing.code.LoggingAspect.logMethodAccess(LoggingAspect.java:16)
	at amazing.code.LoggingAspect.logMethodAccess(LoggingAspect.java:16)
	at amazing.code.LoggingAspect.logMethodAccess(LoggingAspect.java:16)
	at amazing.code.LoggingAspect.logMethodAccess(LoggingAspect.java:16)
	at amazing.code.LoggingAspect.logMethodAccess(LoggingAspect.java:16)
	at amazing.code.LoggingAspect.logMethodAccess(LoggingAspect.java:16)
	at amazing.code.LoggingAspect.logMethodAccess(LoggingAspect.java:16)
	at amazing.code.LoggingAspect.logMethodAccess(LoggingAspect.java:16)
	at amazing.code.LoggingAspect.logMethodAccess(LoggingAspect.java:16)
	at amazing.code.LoggingAspect.logMethodAccess(LoggingAspect.java:16)
	at amazing.code.LoggingAspect.logMethodAccess(LoggingAspect.java:16)
	at amazing.code.LoggingAspect.logMethodAccess(LoggingAspect.java:16)
	at amazing.code.LoggingAspect.logMethodAccess(LoggingAspect.java:16)
	at amazing.code.LoggingAspect.logMethodAccess(LoggingAspect.java:16)
	at amazing.code.LoggingAspect.logMethodAccess(LoggingAspect.java:16)
	at amazing.code.LoggingAspect.logMethodAccess(LoggingAspect.java:16)
	at amazing.code.LoggingAspect.logMethodAccess(LoggingAspect.java:16)
	at amazing.code.LoggingAspect.logMethodAccess(LoggingAspect.java:16)
	at amazing.code.LoggingAspect.logMethodAccess(LoggingAspect.java:16)
	at amazing.code.LoggingAspect.logMethodAccess(LoggingAspect.java:16)
	at amazing.code.LoggingAspect.logMethodAccess(LoggingAspect.java:16)
	at amazing.code.LoggingAspect.logMethodAccess(LoggingAspect.java:16)
	at amazing.code.LoggingAspect.logMethodAccess(LoggingAspect.java:16)
	at amazing.code.LoggingAspect.logMethodAccess(LoggingAspect.java:16)
	at amazing.code.LoggingAspect.logMethodAccess(LoggingAspect.java:16)
	at amazing.code.LoggingAspect.logMethodAccess(LoggingAspect.java:16)
	at amazing.code.LoggingAspect.logMethodAccess(LoggingAspect.java:16)
	at amazing.code.LoggingAspect.logMethodAccess(LoggingAspect.java:16)
	at amazing.code.LoggingAspect.logMethodAccess(LoggingAspect.java:16)
	at amazing.code.LoggingAspect.logMethodAccess(LoggingAspect.java:16)
	at amazing.code.LoggingAspect.logMethodAccess(LoggingAspect.java:16)
	at amazing.code.LoggingAspect.logMethodAccess(LoggingAspect.java:16)
	at amazing.code.LoggingAspect.logMethodAccess(LoggingAspect.java:16)
	at amazing.code.LoggingAspect.logMethodAccess(LoggingAspect.java:16)
	at amazing.code.LoggingAspect.logMethodAccess(LoggingAspect.java:16)
	at amazing.code.LoggingAspect.logMethodAccess(LoggingAspect.java:16)
	at amazing.code.LoggingAspect.logMethodAccess(LoggingAspect.java:16)
	at amazing.code.LoggingAspect.logMethodAccess(LoggingAspect.java:16)
	at amazing.code.LoggingAspect.logMethodAccess(LoggingAspect.java:16)
	at amazing.code.LoggingAspect.logMethodAccess(LoggingAspect.java:16)
	at amazing.code.LoggingAspect.logMethodAccess(LoggingAspect.java:16)
	at amazing.code.LoggingAspect.logMethodAccess(LoggingAspect.java:16)
	at amazing.code.LoggingAspect.logMethodAccess(LoggingAspect.java:16)
	at amazing.code.LoggingAspect.logMethodAccess(LoggingAspect.java:16)
	at amazing.code.LoggingAspect.logMethodAccess(LoggingAspect.java:16)
	at amazing.code.LoggingAspect.logMethodAccess(LoggingAspect.java:16)
	at amazing.code.LoggingAspect.logMethodAccess(LoggingAspect.java:16)
	at amazing.code.LoggingAspect.logMethodAccess(LoggingAspect.java:16)
	at amazing.code.LoggingAspect.logMethodAccess(LoggingAspect.java:16)
	at amazing.code.LoggingAspect.logMethodAccess(LoggingAspect.java:16)
	at amazing.code.LoggingAspect.logMethodAccess(LoggingAspect.java:16)
	at amazing.code.LoggingAspect.logMethodAccess(LoggingAspect.java:16)
	at amazing.code.LoggingAspect.logMethodAccess(LoggingAspect.java:16)
	at amazing.code.LoggingAspect.logMethodAccess(LoggingAspect.java:16)
	at amazing.code.LoggingAspect.logMethodAccess(LoggingAspect.java:16)
	at amazing.code.LoggingAspect.logMethodAccess(LoggingAspect.java:16)
	at amazing.code.LoggingAspect.logMethodAccess(LoggingAspect.java:16)
	at amazing.code.LoggingAspect.logMethodAccess(LoggingAspect.java:16)
	at amazing.code.LoggingAspect.logMethodAccess(LoggingAspect.java:16)
	at amazing.code.LoggingAspect.logMethodAccess(LoggingAspect.java:16)
	at amazing.code.LoggingAspect.logMethodAccess(LoggingAspect.java:16)
	at amazing.code.LoggingAspect.logMethodAccess(LoggingAspect.java:16)
	at amazing.code.LoggingAspect.logMethodAccess(LoggingAspect.java:16)
	at amazing.code.LoggingAspect.logMethodAccess(LoggingAspect.java:16)
	at amazing.code.LoggingAspect.logMethodAccess(LoggingAspect.java:16)
	at amazing.code.LoggingAspect.logMethodAccess(LoggingAspect.java:16)
	at amazing.code.LoggingAspect.logMethodAccess(LoggingAspect.java:16)
	at amazing.code.LoggingAspect.logMethodAccess(LoggingAspect.java:16)
	at amazing.code.LoggingAspect.logMethodAccess(LoggingAspect.java:16)
	at amazing.code.LoggingAspect.logMethodAccess(LoggingAspect.java:16)
	at amazing.code.LoggingAspect.logMethodAccess(LoggingAspect.java:16)
	at amazing.code.LoggingAspect.logMethodAccess(LoggingAspect.java:16)
	at amazing.code.LoggingAspect.logMethodAccess(LoggingAspect.java:16)
	at amazing.code.LoggingAspect.logMethodAccess(LoggingAspect.java:16)
	at amazing.code.LoggingAspect.logMethodAccess(LoggingAspect.java:16)
	at amazing.code.LoggingAspect.logMethodAccess(LoggingAspect.java:16)
	at amazing.code.LoggingAspect.logMethodAccess(LoggingAspect.java:16)
	at amazing.code.LoggingAspect.logMethodAccess(LoggingAspect.java:16)
	at amazing.code.LoggingAspect.logMethodAccess(LoggingAspect.java:16)
	at amazing.code.LoggingAspect.logMethodAccess(LoggingAspect.java:16)
	at amazing.code.LoggingAspect.logMethodAccess(LoggingAspect.java:16)
	at amazing.code.LoggingAspect.logMethodAccess(LoggingAspect.java:16)
	at amazing.code.LoggingAspect.logMethodAccess(LoggingAspect.java:16)
	at amazing.code.LoggingAspect.logMethodAccess(LoggingAspect.java:16)
	at amazing.code.LoggingAspect.logMethodAccess(LoggingAspect.java:16)
	at amazing.code.LoggingAspect.logMethodAccess(LoggingAspect.java:16)
	at amazing.code.LoggingAspect.logMethodAccess(LoggingAspect.java:16)
	at amazing.code.LoggingAspect.logMethodAccess(LoggingAspect.java:16)
	at amazing.code.LoggingAspect.logMethodAccess(LoggingAspect.java:16)
	at amazing.code.LoggingAspect.logMethodAccess(LoggingAspect.java:16)
	at amazing.code.LoggingAspect.logMethodAccess(LoggingAspect.java:16)
	at amazing.code.LoggingAspect.logMethodAccess(LoggingAspect.java:16)
	at amazing.code.LoggingAspect.logMethodAccess(LoggingAspect.java:16)
	at amazing.code.LoggingAspect.logMethodAccess(LoggingAspect.java:16)
	at amazing.code.LoggingAspect.logMethodAccess(LoggingAspect.java:16)
	at amazing.code.LoggingAspect.logMethodAccess(LoggingAspect.java:16)
	at amazing.code.LoggingAspect.logMethodAccess(LoggingAspect.java:16)
	at amazing.code.LoggingAspect.logMethodAccess(LoggingAspect.java:16)
	at amazing.code.LoggingAspect.logMethodAccess(LoggingAspect.java:16)
	at amazing.code.LoggingAspect.logMethodAccess(LoggingAspect.java:16)
	at amazing.code.LoggingAspect.logMethodAccess(LoggingAspect.java:16)
	at amazing.code.LoggingAspect.logMethodAccess(LoggingAspect.java:16)
	at amazing.code.LoggingAspect.logMethodAccess(LoggingAspect.java:16)
	at amazing.code.LoggingAspect.logMethodAccess(LoggingAspect.java:16)
	at amazing.code.LoggingAspect.logMethodAccess(LoggingAspect.java:16)
	at amazing.code.LoggingAspect.logMethodAccess(LoggingAspect.java:16)
	at amazing.code.LoggingAspect.logMethodAccess(LoggingAspect.java:16)
	at amazing.code.LoggingAspect.logMethodAccess(LoggingAspect.java:16)
	at amazing.code.LoggingAspect.logMethodAccess(LoggingAspect.java:16)
	at amazing.code.LoggingAspect.logMethodAccess(LoggingAspect.java:16)
	at amazing.code.LoggingAspect.logMethodAccess(LoggingAspect.java:16)
	at amazing.code.LoggingAspect.logMethodAccess(LoggingAspect.java:16)
	at amazing.code.LoggingAspect.logMethodAccess(LoggingAspect.java:16)
	at amazing.code.LoggingAspect.logMethodAccess(LoggingAspect.java:16)
	at amazing.code.LoggingAspect.logMethodAccess(LoggingAspect.java:16)
	at amazing.code.LoggingAspect.logMethodAccess(LoggingAspect.java:16)
	at amazing.code.LoggingAspect.logMethodAccess(LoggingAspect.java:16)
	at amazing.code.LoggingAspect.logMethodAccess(LoggingAspect.java:16)
	at amazing.code.LoggingAspect.logMethodAccess(LoggingAspect.java:16)
	at amazing.code.LoggingAspect.logMethodAccess(LoggingAspect.java:16)
	at amazing.code.LoggingAspect.logMethodAccess(LoggingAspect.java:16)
	at amazing.code.LoggingAspect.logMethodAccess(LoggingAspect.java:16)
	at amazing.code.LoggingAspect.logMethodAccess(LoggingAspect.java:16)
	at amazing.code.LoggingAspect.logMethodAccess(LoggingAspect.java:16)
	at amazing.code.LoggingAspect.logMethodAccess(LoggingAspect.java:16)
	at amazing.code.LoggingAspect.logMethodAccess(LoggingAspect.java:16)
	at amazing.code.LoggingAspect.logMethodAccess(LoggingAspect.java:16)
	at amazing.code.LoggingAspect.logMethodAccess(LoggingAspect.java:16)
	at amazing.code.LoggingAspect.logMethodAccess(LoggingAspect.java:16)
	at amazing.code.LoggingAspect.logMethodAccess(LoggingAspect.java:16)
	at amazing.code.LoggingAspect.logMethodAccess(LoggingAspect.java:16)
	at amazing.code.LoggingAspect.logMethodAccess(LoggingAspect.java:16)
	at amazing.code.LoggingAspect.logMethodAccess(LoggingAspect.java:16)
	at amazing.code.LoggingAspect.logMethodAccess(LoggingAspect.java:16)
	at amazing.code.LoggingAspect.logMethodAccess(LoggingAspect.java:16)
	at amazing.code.LoggingAspect.logMethodAccess(LoggingAspect.java:16)
	at amazing.code.LoggingAspect.logMethodAccess(LoggingAspect.java:16)
	at amazing.code.LoggingAspect.logMethodAccess(LoggingAspect.java:16)
	at amazing.code.LoggingAspect.logMethodAccess(LoggingAspect.java:16)
	at amazing.code.LoggingAspect.logMethodAccess(LoggingAspect.java:16)
	at amazing.code.LoggingAspect.logMethodAccess(LoggingAspect.java:16)
	at amazing.code.LoggingAspect.logMethodAccess(LoggingAspect.java:16)
	at amazing.code.LoggingAspect.logMethodAccess(LoggingAspect.java:16)
	at amazing.code.LoggingAspect.logMethodAccess(LoggingAspect.java:16)
	at amazing.code.LoggingAspect.logMethodAccess(LoggingAspect.java:16)
	at amazing.code.LoggingAspect.logMethodAccess(LoggingAspect.java:16)
	at amazing.code.LoggingAspect.logMethodAccess(LoggingAspect.java:16)
	at amazing.code.LoggingAspect.logMethodAccess(LoggingAspect.java:16)
	at amazing.code.LoggingAspect.logMethodAccess(LoggingAspect.java:16)
	at amazing.code.LoggingAspect.logMethodAccess(LoggingAspect.java:16)
	at amazing.code.LoggingAspect.logMethodAccess(LoggingAspect.java:16)
	at amazing.code.LoggingAspect.logMethodAccess(LoggingAspect.java:16)
	at amazing.code.LoggingAspect.logMethodAccess(LoggingAspect.java:16)
	at amazing.code.LoggingAspect.logMethodAccess(LoggingAspect.java:16)
	at amazing.code.LoggingAspect.logMethodAccess(LoggingAspect.java:16)
	at amazing.code.LoggingAspect.logMethodAccess(LoggingAspect.java:16)
	at amazing.code.LoggingAspect.logMethodAccess(LoggingAspect.java:16)
	at amazing.code.LoggingAspect.logMethodAccess(LoggingAspect.java:16)
	at amazing.code.LoggingAspect.logMethodAccess(LoggingAspect.java:16)
	at amazing.code.LoggingAspect.logMethodAccess(LoggingAspect.java:16)
	at amazing.code.LoggingAspect.logMethodAccess(LoggingAspect.java:16)
	at amazing.code.LoggingAspect.logMethodAccess(LoggingAspect.java:16)
	at amazing.code.LoggingAspect.logMethodAccess(LoggingAspect.java:16)
	at amazing.code.LoggingAspect.logMethodAccess(LoggingAspect.java:16)
	at amazing.code.LoggingAspect.logMethodAccess(LoggingAspect.java:16)
	at amazing.code.LoggingAspect.logMethodAccess(LoggingAspect.java:16)
	at amazing.code.LoggingAspect.logMethodAccess(LoggingAspect.java:16)
	at amazing.code.LoggingAspect.logMethodAccess(LoggingAspect.java:16)
	at amazing.code.LoggingAspect.logMethodAccess(LoggingAspect.java:16)
	at amazing.code.LoggingAspect.logMethodAccess(LoggingAspect.java:16)
	at amazing.code.LoggingAspect.logMethodAccess(LoggingAspect.java:16)
	at amazing.code.LoggingAspect.logMethodAccess(LoggingAspect.java:16)
	at amazing.code.LoggingAspect.logMethodAccess(LoggingAspect.java:16)
	at amazing.code.LoggingAspect.logMethodAccess(LoggingAspect.java:16)
	at amazing.code.LoggingAspect.logMethodAccess(LoggingAspect.java:16)
	at amazing.code.LoggingAspect.logMethodAccess(LoggingAspect.java:16)
	at amazing.code.LoggingAspect.logMethodAccess(LoggingAspect.java:16)
	at amazing.code.LoggingAspect.logMethodAccess(LoggingAspect.java:16)
	at amazing.code.LoggingAspect.logMethodAccess(LoggingAspect.java:16)
	at amazing.code.LoggingAspect.logMethodAccess(LoggingAspect.java:16)
	at amazing.code.LoggingAspect.logMethodAccess(LoggingAspect.java:16)
	at amazing.code.LoggingAspect.logMethodAccess(LoggingAspect.java:16)
	at amazing.code.LoggingAspect.logMethodAccess(LoggingAspect.java:16)
	at amazing.code.LoggingAspect.logMethodAccess(LoggingAspect.java:16)
	at amazing.code.LoggingAspect.logMethodAccess(LoggingAspect.java:16)
	at amazing.code.LoggingAspect.logMethodAccess(LoggingAspect.java:16)
	at amazing.code.LoggingAspect.logMethodAccess(LoggingAspect.java:16)
	at amazing.code.LoggingAspect.logMethodAccess(LoggingAspect.java:16)
	at amazing.code.LoggingAspect.logMethodAccess(LoggingAspect.java:16)
	at amazing.code.LoggingAspect.logMethodAccess(LoggingAspect.java:16)
	at amazing.code.LoggingAspect.logMethodAccess(LoggingAspect.java:16)
	at amazing.code.LoggingAspect.logMethodAccess(LoggingAspect.java:16)
	at amazing.code.LoggingAspect.logMethodAccess(LoggingAspect.java:16)
	at amazing.code.LoggingAspect.logMethodAccess(LoggingAspect.java:16)
	at amazing.code.LoggingAspect.logMethodAccess(LoggingAspect.java:16)
	at amazing.code.LoggingAspect.logMethodAccess(LoggingAspect.java:16)
	at amazing.code.LoggingAspect.logMethodAccess(LoggingAspect.java:16)
	at amazing.code.LoggingAspect.logMethodAccess(LoggingAspect.java:16)
	at amazing.code.LoggingAspect.logMethodAccess(LoggingAspect.java:16)
	at amazing.code.LoggingAspect.logMethodAccess(LoggingAspect.java:16)
	at amazing.code.LoggingAspect.logMethodAccess(LoggingAspect.java:16)
	at amazing.code.LoggingAspect.logMethodAccess(LoggingAspect.java:16)
	at amazing.code.LoggingAspect.logMethodAccess(LoggingAspect.java:16)
	at amazing.code.LoggingAspect.logMethodAccess(LoggingAspect.java:16)
	at amazing.code.LoggingAspect.logMethodAccess(LoggingAspect.java:16)
	at amazing.code.LoggingAspect.logMethodAccess(LoggingAspect.java:16)
	at amazing.code.LoggingAspect.logMethodAccess(LoggingAspect.java:16)
	at amazing.code.LoggingAspect.logMethodAccess(LoggingAspect.java:16)
	at amazing.code.LoggingAspect.logMethodAccess(LoggingAspect.java:16)
	at amazing.code.LoggingAspect.logMethodAccess(LoggingAspect.java:16)
	at amazing.code.LoggingAspect.logMethodAccess(LoggingAspect.java:16)
	at amazing.code.LoggingAspect.logMethodAccess(LoggingAspect.java:16)
	at amazing.code.LoggingAspect.logMethodAccess(LoggingAspect.java:16)
	at amazing.code.LoggingAspect.logMethodAccess(LoggingAspect.java:16)
	at amazing.code.LoggingAspect.logMethodAccess(LoggingAspect.java:16)
	at amazing.code.LoggingAspect.logMethodAccess(LoggingAspect.java:16)
	at amazing.code.LoggingAspect.logMethodAccess(LoggingAspect.java:16)
	at amazing.code.LoggingAspect.logMethodAccess(LoggingAspect.java:16)
	at amazing.code.LoggingAspect.logMethodAccess(LoggingAspect.java:16)
	at amazing.code.LoggingAspect.logMethodAccess(LoggingAspect.java:16)
	at amazing.code.LoggingAspect.logMethodAccess(LoggingAspect.java:16)
	at amazing.code.LoggingAspect.logMethodAccess(LoggingAspect.java:16)
	at amazing.code.LoggingAspect.logMethodAccess(LoggingAspect.java:16)
	at amazing.code.LoggingAspect.logMethodAccess(LoggingAspect.java:16)
	at amazing.code.LoggingAspect.logMethodAccess(LoggingAspect.java:16)
	at amazing.code.LoggingAspect.logMethodAccess(LoggingAspect.java:16)
	at amazing.code.LoggingAspect.logMethodAccess(LoggingAspect.java:16)
	at amazing.code.LoggingAspect.logMethodAccess(LoggingAspect.java:16)
	at amazing.code.LoggingAspect.logMethodAccess(LoggingAspect.java:16)
	at amazing.code.LoggingAspect.logMethodAccess(LoggingAspect.java:16)
	at amazing.code.LoggingAspect.logMethodAccess(LoggingAspect.java:16)
	at amazing.code.LoggingAspect.logMethodAccess(LoggingAspect.java:16)
	at amazing.code.LoggingAspect.logMethodAccess(LoggingAspect.java:16)
	at amazing.code.LoggingAspect.logMethodAccess(LoggingAspect.java:16)
	at amazing.code.LoggingAspect.logMethodAccess(LoggingAspect.java:16)
	at amazing.code.LoggingAspect.logMethodAccess(LoggingAspect.java:16)
	at amazing.code.LoggingAspect.logMethodAccess(LoggingAspect.java:16)
	at amazing.code.LoggingAspect.logMethodAccess(LoggingAspect.java:16)
	at amazing.code.LoggingAspect.logMethodAccess(LoggingAspect.java:16)
	at amazing.code.LoggingAspect.logMethodAccess(LoggingAspect.java:16)
	at amazing.code.LoggingAspect.logMethodAccess(LoggingAspect.java:16)
	at amazing.code.LoggingAspect.logMethodAccess(LoggingAspect.java:16)
	at amazing.code.LoggingAspect.logMethodAccess(LoggingAspect.java:16)
	at amazing.code.LoggingAspect.logMethodAccess(LoggingAspect.java:16)
	at amazing.code.LoggingAspect.logMethodAccess(LoggingAspect.java:16)
	at amazing.code.LoggingAspect.logMethodAccess(LoggingAspect.java:16)
	at amazing.code.LoggingAspect.logMethodAccess(LoggingAspect.java:16)
	at amazing.code.LoggingAspect.logMethodAccess(LoggingAspect.java:16)
	at amazing.code.LoggingAspect.logMethodAccess(LoggingAspect.java:16)
	at amazing.code.LoggingAspect.logMethodAccess(LoggingAspect.java:16)
	at amazing.code.LoggingAspect.logMethodAccess(LoggingAspect.java:16)
	at amazing.code.LoggingAspect.logMethodAccess(LoggingAspect.java:16)
	at amazing.code.LoggingAspect.logMethodAccess(LoggingAspect.java:16)
	at amazing.code.LoggingAspect.logMethodAccess(LoggingAspect.java:16)
	at amazing.code.LoggingAspect.logMethodAccess(LoggingAspect.java:16)
	at amazing.code.LoggingAspect.logMethodAccess(LoggingAspect.java:16)
	at amazing.code.LoggingAspect.logMethodAccess(LoggingAspect.java:16)
	at amazing.code.LoggingAspect.logMethodAccess(LoggingAspect.java:16)
	at amazing.code.LoggingAspect.logMethodAccess(LoggingAspect.java:16)
	at amazing.code.LoggingAspect.logMethodAccess(LoggingAspect.java:16)
	at amazing.code.LoggingAspect.logMethodAccess(LoggingAspect.java:16)
	at amazing.code.LoggingAspect.logMethodAccess(LoggingAspect.java:16)
	at amazing.code.LoggingAspect.logMethodAccess(LoggingAspect.java:16)
	at amazing.code.LoggingAspect.logMethodAccess(LoggingAspect.java:16)
	at amazing.code.LoggingAspect.logMethodAccess(LoggingAspect.java:16)
	at amazing.code.LoggingAspect.logMethodAccess(LoggingAspect.java:16)
	at amazing.code.LoggingAspect.logMethodAccess(LoggingAspect.java:16)
	at amazing.code.LoggingAspect.logMethodAccess(LoggingAspect.java:16)
	at amazing.code.LoggingAspect.logMethodAccess(LoggingAspect.java:16)
	at amazing.code.LoggingAspect.logMethodAccess(LoggingAspect.java:16)
	at amazing.code.LoggingAspect.logMethodAccess(LoggingAspect.java:16)
	at amazing.code.LoggingAspect.logMethodAccess(LoggingAspect.java:16)
	at amazing.code.LoggingAspect.logMethodAccess(LoggingAspect.java:16)
	at amazing.code.LoggingAspect.logMethodAccess(LoggingAspect.java:16)
	at amazing.code.LoggingAspect.logMethodAccess(LoggingAspect.java:16)
	at amazing.code.LoggingAspect.logMethodAccess(LoggingAspect.java:16)
	at amazing.code.LoggingAspect.logMethodAccess(LoggingAspect.java:16)
	at amazing.code.LoggingAspect.logMethodAccess(LoggingAspect.java:16)
	at amazing.code.LoggingAspect.logMethodAccess(LoggingAspect.java:16)
	at amazing.code.LoggingAspect.logMethodAccess(LoggingAspect.java:16)
	at amazing.code.LoggingAspect.logMethodAccess(LoggingAspect.java:16)
	at amazing.code.LoggingAspect.logMethodAccess(LoggingAspect.java:16)
	at amazing.code.LoggingAspect.logMethodAccess(LoggingAspect.java:16)
	at amazing.code.LoggingAspect.logMethodAccess(LoggingAspect.java:16)
	at amazing.code.LoggingAspect.logMethodAccess(LoggingAspect.java:16)
	at amazing.code.LoggingAspect.logMethodAccess(LoggingAspect.java:16)
	at amazing.code.LoggingAspect.logMethodAccess(LoggingAspect.java:16)
	at amazing.code.LoggingAspect.logMethodAccess(LoggingAspect.java:16)
	at amazing.code.LoggingAspect.logMethodAccess(LoggingAspect.java:16)
	at amazing.code.LoggingAspect.logMethodAccess(LoggingAspect.java:16)
	at amazing.code.LoggingAspect.logMethodAccess(LoggingAspect.java:16)
	at amazing.code.LoggingAspect.logMethodAccess(LoggingAspect.java:16)
	at amazing.code.LoggingAspect.logMethodAccess(LoggingAspect.java:16)
	at amazing.code.LoggingAspect.logMethodAccess(LoggingAspect.java:16)
	at amazing.code.LoggingAspect.logMethodAccess(LoggingAspect.java:16)
	at amazing.code.LoggingAspect.logMethodAccess(LoggingAspect.java:16)
	at amazing.code.LoggingAspect.logMethodAccess(LoggingAspect.java:16)
	at amazing.code.LoggingAspect.logMethodAccess(LoggingAspect.java:16)
	at amazing.code.LoggingAspect.logMethodAccess(LoggingAspect.java:16)
	at amazing.code.LoggingAspect.logMethodAccess(LoggingAspect.java:16)
	at amazing.code.LoggingAspect.logMethodAccess(LoggingAspect.java:16)
	at amazing.code.LoggingAspect.logMethodAccess(LoggingAspect.java:16)
	at amazing.code.LoggingAspect.logMethodAccess(LoggingAspect.java:16)
	at amazing.code.LoggingAspect.logMethodAccess(LoggingAspect.java:16)
	at amazing.code.LoggingAspect.logMethodAccess(LoggingAspect.java:16)
	at amazing.code.LoggingAspect.logMethodAccess(LoggingAspect.java:16)
	at amazing.code.LoggingAspect.logMethodAccess(LoggingAspect.java:16)
	at amazing.code.LoggingAspect.logMethodAccess(LoggingAspect.java:16)
	at amazing.code.LoggingAspect.logMethodAccess(LoggingAspect.java:16)
	at amazing.code.LoggingAspect.logMethodAccess(LoggingAspect.java:16)
	at amazing.code.LoggingAspect.logMethodAccess(LoggingAspect.java:16)
	at amazing.code.LoggingAspect.logMethodAccess(LoggingAspect.java:16)
	at amazing.code.LoggingAspect.logMethodAccess(LoggingAspect.java:16)
	at amazing.code.LoggingAspect.logMethodAccess(LoggingAspect.java:16)
	at amazing.code.LoggingAspect.logMethodAccess(LoggingAspect.java:16)
	at amazing.code.LoggingAspect.logMethodAccess(LoggingAspect.java:16)
	at amazing.code.LoggingAspect.logMethodAccess(LoggingAspect.java:16)
	at amazing.code.LoggingAspect.logMethodAccess(LoggingAspect.java:16)
	at amazing.code.LoggingAspect.logMethodAccess(LoggingAspect.java:16)
	at amazing.code.LoggingAspect.logMethodAccess(LoggingAspect.java:16)
	at amazing.code.LoggingAspect.logMethodAccess(LoggingAspect.java:16)
	at amazing.code.LoggingAspect.logMethodAccess(LoggingAspect.java:16)
	at amazing.code.LoggingAspect.logMethodAccess(LoggingAspect.java:16)
	at amazing.code.LoggingAspect.logMethodAccess(LoggingAspect.java:16)
	at amazing.code.LoggingAspect.logMethodAccess(LoggingAspect.java:16)
	at amazing.code.LoggingAspect.logMethodAccess(LoggingAspect.java:16)
	at amazing.code.LoggingAspect.logMethodAccess(LoggingAspect.java:16)
	at amazing.code.LoggingAspect.logMethodAccess(LoggingAspect.java:16)
	at amazing.code.LoggingAspect.logMethodAccess(LoggingAspect.java:16)
	at amazing.code.LoggingAspect.logMethodAccess(LoggingAspect.java:16)
	at amazing.code.LoggingAspect.logMethodAccess(LoggingAspect.java:16)
	at amazing.code.LoggingAspect.logMethodAccess(LoggingAspect.java:16)
	at amazing.code.LoggingAspect.logMethodAccess(LoggingAspect.java:16)
	at amazing.code.LoggingAspect.logMethodAccess(LoggingAspect.java:16)
	at amazing.code.LoggingAspect.logMethodAccess(LoggingAspect.java:16)
	at amazing.code.LoggingAspect.logMethodAccess(LoggingAspect.java:16)
	at amazing.code.LoggingAspect.logMethodAccess(LoggingAspect.java:16)
	at amazing.code.LoggingAspect.logMethodAccess(LoggingAspect.java:16)
	at amazing.code.LoggingAspect.logMethodAccess(LoggingAspect.java:16)
	at amazing.code.LoggingAspect.logMethodAccess(LoggingAspect.java:16)
	at amazing.code.LoggingAspect.logMethodAccess(LoggingAspect.java:16)
	at amazing.code.LoggingAspect.logMethodAccess(LoggingAspect.java:16)
	at amazing.code.LoggingAspect.logMethodAccess(LoggingAspect.java:16)
	at amazing.code.LoggingAspect.logMethodAccess(LoggingAspect.java:16)
	at amazing.code.LoggingAspect.logMethodAccess(LoggingAspect.java:16)
	at amazing.code.LoggingAspect.logMethodAccess(LoggingAspect.java:16)
	at amazing.code.LoggingAspect.logMethodAccess(LoggingAspect.java:16)
	at amazing.code.LoggingAspect.logMethodAccess(LoggingAspect.java:16)
	at amazing.code.LoggingAspect.logMethodAccess(LoggingAspect.java:16)
	at amazing.code.LoggingAspect.logMethodAccess(LoggingAspect.java:16)
	at amazing.code.LoggingAspect.logMethodAccess(LoggingAspect.java:16)
	at amazing.code.LoggingAspect.logMethodAccess(LoggingAspect.java:16)
	at amazing.code.LoggingAspect.logMethodAccess(LoggingAspect.java:16)
	at amazing.code.LoggingAspect.logMethodAccess(LoggingAspect.java:16)
	at amazing.code.LoggingAspect.logMethodAccess(LoggingAspect.java:16)
	at amazing.code.LoggingAspect.logMethodAccess(LoggingAspect.java:16)

