<?xml version="1.0" encoding="UTF-8" ?>
<testsuite errors="1" skipped="0" tests="1" time="1.247" failures="0" name="awesome.code.AspectTest">
  <properties>
[...]
</properties>
  <testcase classname="awesome.code.AspectTest" time="1.211" name="runAspects">
    <error type="java.lang.StackOverflowError">java.lang.StackOverflowError
	at java.lang.StringBuilder.append(StringBuilder.java:120)
	at java.lang.StringBuilder.&lt;init&gt;(StringBuilder.java:94)
	at amazing.code.LoggingAspect.logMethodAccess(LoggingAspect.java:16)
	at amazing.code.LoggingAspect.logMethodAccess(LoggingAspect.java:16)
	at amazing.code.LoggingAspect.logMethodAccess(LoggingAspect.java:16)
	at amazing.code.LoggingAspect.logMethodAccess(LoggingAspect.java:16)
	at amazing.code.LoggingAspect.logMethodAccess(LoggingAspect.java:16)
	at amazing.code.LoggingAspect.logMethodAccess(LoggingAspect.java:16)
	at amazing.code.LoggingAspect.logMethodAccess(LoggingAspect.java:16)
	at amazing.code.LoggingAspect.logMethodAccess(LoggingAspect.java:16)
	at amazing.code.LoggingAspect.logMethodAccess(LoggingAspect.java:16)
	at amazing.code.LoggingAspect.logMethodAccess(LoggingAspect.java:16)
	at amazing.code.LoggingAspect.logMethodAccess(LoggingAspect.java:16)
	at amazing.code.LoggingAspect.logMethodAccess(LoggingAspect.java:16)
	at amazing.code.LoggingAspect.logMethodAccess(LoggingAspect.java:16)
	at amazing.code.LoggingAspect.logMethodAccess(LoggingAspect.java:16)
	at amazing.code.LoggingAspect.logMethodAccess(LoggingAspect.java:16)
	at amazing.code.LoggingAspect.logMethodAccess(LoggingAspect.java:16)
	at amazing.code.LoggingAspect.logMethodAccess(LoggingAspect.java:16)
	at amazing.code.LoggingAspect.logMethodAccess(LoggingAspect.java:16)
	at amazing.code.LoggingAspect.logMethodAccess(LoggingAspect.java:16)
	at amazing.code.LoggingAspect.logMethodAccess(LoggingAspect.java:16)
	at amazing.code.LoggingAspect.logMethodAccess(LoggingAspect.java:16)
	at amazing.code.LoggingAspect.logMethodAccess(LoggingAspect.java:16)
	at amazing.code.LoggingAspect.logMethodAccess(LoggingAspect.java:16)
	at amazing.code.LoggingAspect.logMethodAccess(LoggingAspect.java:16)
	at amazing.code.LoggingAspect.logMethodAccess(LoggingAspect.java:16)
	at amazing.code.LoggingAspect.logMethodAccess(LoggingAspect.java:16)
	at amazing.code.LoggingAspect.logMethodAccess(LoggingAspect.java:16)
	at amazing.code.LoggingAspect.logMethodAccess(LoggingAspect.java:16)
	at amazing.code.LoggingAspect.logMethodAccess(LoggingAspect.java:16)
	at amazing.code.LoggingAspect.logMethodAccess(LoggingAspect.java:16)
	at amazing.code.LoggingAspect.logMethodAccess(LoggingAspect.java:16)
	at amazing.code.LoggingAspect.logMethodAccess(LoggingAspect.java:16)
	at amazing.code.LoggingAspect.logMethodAccess(LoggingAspect.java:16)
	at amazing.code.LoggingAspect.logMethodAccess(LoggingAspect.java:16)
	at amazing.code.LoggingAspect.logMethodAccess(LoggingAspect.java:16)
	at amazing.code.LoggingAspect.logMethodAccess(LoggingAspect.java:16)
	at amazing.code.LoggingAspect.logMethodAccess(LoggingAspect.java:16)
	at amazing.code.LoggingAspect.logMethodAccess(LoggingAspect.java:16)
	at amazing.code.LoggingAspect.logMethodAccess(LoggingAspect.java:16)
	at amazing.code.LoggingAspect.logMethodAccess(LoggingAspect.java:16)
	at amazing.code.LoggingAspect.logMethodAccess(LoggingAspect.java:16)
	at amazing.code.LoggingAspect.logMethodAccess(LoggingAspect.java:16)
	at amazing.code.LoggingAspect.logMethodAccess(LoggingAspect.java:16)
	at amazing.code.LoggingAspect.logMethodAccess(LoggingAspect.java:16)
	at amazing.code.LoggingAspect.logMethodAccess(LoggingAspect.java:16)
	at amazing.code.LoggingAspect.logMethodAccess(LoggingAspect.java:16)
	at amazing.code.LoggingAspect.logMethodAccess(LoggingAspect.java:16)
	at amazing.code.LoggingAspect.logMethodAccess(LoggingAspect.java:16)
	at amazing.code.LoggingAspect.logMethodAccess(LoggingAspect.java:16)
	at amazing.code.LoggingAspect.logMethodAccess(LoggingAspect.java:16)
	at amazing.code.LoggingAspect.logMethodAccess(LoggingAspect.java:16)
	at amazing.code.LoggingAspect.logMethodAccess(LoggingAspect.java:16)
	at amazing.code.LoggingAspect.logMethodAccess(LoggingAspect.java:16)
	at amazing.code.LoggingAspect.logMethodAccess(LoggingAspect.java:16)
	at amazing.code.LoggingAspect.logMethodAccess(LoggingAspect.java:16)
	at amazing.code.LoggingAspect.logMethodAccess(LoggingAspect.java:16)
	at amazing.code.LoggingAspect.logMethodAccess(LoggingAspect.java:16)
	at amazing.code.LoggingAspect.logMethodAccess(LoggingAspect.java:16)
	at amazing.code.LoggingAspect.logMethodAccess(LoggingAspect.java:16)
	at amazing.code.LoggingAspect.logMethodAccess(LoggingAspect.java:16)
	at amazing.code.LoggingAspect.logMethodAccess(LoggingAspect.java:16)
	at amazing.code.LoggingAspect.logMethodAccess(LoggingAspect.java:16)
	at amazing.code.LoggingAspect.logMethodAccess(LoggingAspect.java:16)
	at amazing.code.LoggingAspect.logMethodAccess(LoggingAspect.java:16)
	at amazing.code.LoggingAspect.logMethodAccess(LoggingAspect.java:16)
	at amazing.code.LoggingAspect.logMethodAccess(LoggingAspect.java:16)
	at amazing.code.LoggingAspect.logMethodAccess(LoggingAspect.java:16)
	at amazing.code.LoggingAspect.logMethodAccess(LoggingAspect.java:16)
	at amazing.code.LoggingAspect.logMethodAccess(LoggingAspect.java:16)
	at amazing.code.LoggingAspect.logMethodAccess(LoggingAspect.java:16)
	at amazing.code.LoggingAspect.logMethodAccess(LoggingAspect.java:16)
	at amazing.code.LoggingAspect.logMethodAccess(LoggingAspect.java:16)
	at amazing.code.LoggingAspect.logMethodAccess(LoggingAspect.java:16)
	at amazing.code.LoggingAspect.logMethodAccess(LoggingAspect.java:16)
	at amazing.code.LoggingAspect.logMethodAccess(LoggingAspect.java:16)
	at amazing.code.LoggingAspect.logMethodAccess(LoggingAspect.java:16)
	at amazing.code.LoggingAspect.logMethodAccess(LoggingAspect.java:16)
	at amazing.code.LoggingAspect.logMethodAccess(LoggingAspect.java:16)
	at amazing.code.LoggingAspect.logMethodAccess(LoggingAspect.java:16)
	at amazing.code.LoggingAspect.logMethodAccess(LoggingAspect.java:16)
	at amazing.code.LoggingAspect.logMethodAccess(LoggingAspect.java:16)
	at amazing.code.LoggingAspect.logMethodAccess(LoggingAspect.java:16)
	at amazing.code.LoggingAspect.logMethodAccess(LoggingAspect.java:16)
	at amazing.code.LoggingAspect.logMethodAccess(LoggingAspect.java:16)
	at amazing.code.LoggingAspect.logMethodAccess(LoggingAspect.java:16)
	at amazing.code.LoggingAspect.logMethodAccess(LoggingAspect.java:16)
	at amazing.code.LoggingAspect.logMethodAccess(LoggingAspect.java:16)
	at amazing.code.LoggingAspect.logMethodAccess(LoggingAspect.java:16)
	at amazing.code.LoggingAspect.logMethodAccess(LoggingAspect.java:16)
	at amazing.code.LoggingAspect.logMethodAccess(LoggingAspect.java:16)
	at amazing.code.LoggingAspect.logMethodAccess(LoggingAspect.java:16)
	at amazing.code.LoggingAspect.logMethodAccess(LoggingAspect.java:16)
	at amazing.code.LoggingAspect.logMethodAccess(LoggingAspect.java:16)
	at amazing.code.LoggingAspect.logMethodAccess(LoggingAspect.java:16)
	at amazing.code.LoggingAspect.logMethodAccess(LoggingAspect.java:16)
	at amazing.code.LoggingAspect.logMethodAccess(LoggingAspect.java:16)
	at amazing.code.LoggingAspect.logMethodAccess(LoggingAspect.java:16)
	at amazing.code.LoggingAspect.logMethodAccess(LoggingAspect.java:16)
	at amazing.code.LoggingAspect.logMethodAccess(LoggingAspect.java:16)
	at amazing.code.LoggingAspect.logMethodAccess(LoggingAspect.java:16)
	at amazing.code.LoggingAspect.logMethodAccess(LoggingAspect.java:16)
	at amazing.code.LoggingAspect.logMethodAccess(LoggingAspect.java:16)
	at amazing.code.LoggingAspect.logMethodAccess(LoggingAspect.java:16)
	at amazing.code.LoggingAspect.logMethodAccess(LoggingAspect.java:16)
	at amazing.code.LoggingAspect.logMethodAccess(LoggingAspect.java:16)
	at amazing.code.LoggingAspect.logMethodAccess(LoggingAspect.java:16)
	at amazing.code.LoggingAspect.logMethodAccess(LoggingAspect.java:16)
	at amazing.code.LoggingAspect.logMethodAccess(LoggingAspect.java:16)
	at amazing.code.LoggingAspect.logMethodAccess(LoggingAspect.java:16)
	at amazing.code.LoggingAspect.logMethodAccess(LoggingAspect.java:16)
	at amazing.code.LoggingAspect.logMethodAccess(LoggingAspect.java:16)
	at amazing.code.LoggingAspect.logMethodAccess(LoggingAspect.java:16)
	at amazing.code.LoggingAspect.logMethodAccess(LoggingAspect.java:16)
	at amazing.code.LoggingAspect.logMethodAccess(LoggingAspect.java:16)
	at amazing.code.LoggingAspect.logMethodAccess(LoggingAspect.java:16)
	at amazing.code.LoggingAspect.logMethodAccess(LoggingAspect.java:16)
	at amazing.code.LoggingAspect.logMethodAccess(LoggingAspect.java:16)
	at amazing.code.LoggingAspect.logMethodAccess(LoggingAspect.java:16)
	at amazing.code.LoggingAspect.logMethodAccess(LoggingAspect.java:16)
	at amazing.code.LoggingAspect.logMethodAccess(LoggingAspect.java:16)
	at amazing.code.LoggingAspect.logMethodAccess(LoggingAspect.java:16)
	at amazing.code.LoggingAspect.logMethodAccess(LoggingAspect.java:16)
	at amazing.code.LoggingAspect.logMethodAccess(LoggingAspect.java:16)
	at amazing.code.LoggingAspect.logMethodAccess(LoggingAspect.java:16)
	at amazing.code.LoggingAspect.logMethodAccess(LoggingAspect.java:16)
	at amazing.code.LoggingAspect.logMethodAccess(LoggingAspect.java:16)
	at amazing.code.LoggingAspect.logMethodAccess(LoggingAspect.java:16)
	at amazing.code.LoggingAspect.logMethodAccess(LoggingAspect.java:16)
	at amazing.code.LoggingAspect.logMethodAccess(LoggingAspect.java:16)
	at amazing.code.LoggingAspect.logMethodAccess(LoggingAspect.java:16)
	at amazing.code.LoggingAspect.logMethodAccess(LoggingAspect.java:16)
	at amazing.code.LoggingAspect.logMethodAccess(LoggingAspect.java:16)
	at amazing.code.LoggingAspect.logMethodAccess(LoggingAspect.java:16)
	at amazing.code.LoggingAspect.logMethodAccess(LoggingAspect.java:16)
	at amazing.code.LoggingAspect.logMethodAccess(LoggingAspect.java:16)
	at amazing.code.LoggingAspect.logMethodAccess(LoggingAspect.java:16)
	at amazing.code.LoggingAspect.logMethodAccess(LoggingAspect.java:16)
	at amazing.code.LoggingAspect.logMethodAccess(LoggingAspect.java:16)
	at amazing.code.LoggingAspect.logMethodAccess(LoggingAspect.java:16)
	at amazing.code.LoggingAspect.logMethodAccess(LoggingAspect.java:16)
	at amazing.code.LoggingAspect.logMethodAccess(LoggingAspect.java:16)
	at amazing.code.LoggingAspect.logMethodAccess(LoggingAspect.java:16)
	at amazing.code.LoggingAspect.logMethodAccess(LoggingAspect.java:16)
	at amazing.code.LoggingAspect.logMethodAccess(LoggingAspect.java:16)
	at amazing.code.LoggingAspect.logMethodAccess(LoggingAspect.java:16)
	at amazing.code.LoggingAspect.logMethodAccess(LoggingAspect.java:16)
	at amazing.code.LoggingAspect.logMethodAccess(LoggingAspect.java:16)
	at amazing.code.LoggingAspect.logMethodAccess(LoggingAspect.java:16)
	at amazing.code.LoggingAspect.logMethodAccess(LoggingAspect.java:16)
	at amazing.code.LoggingAspect.logMethodAccess(LoggingAspect.java:16)
	at amazing.code.LoggingAspect.logMethodAccess(LoggingAspect.java:16)
	at amazing.code.LoggingAspect.logMethodAccess(LoggingAspect.java:16)
	at amazing.code.LoggingAspect.logMethodAccess(LoggingAspect.java:16)
	at amazing.code.LoggingAspect.logMethodAccess(LoggingAspect.java:16)
	at amazing.code.LoggingAspect.logMethodAccess(LoggingAspect.java:16)
	at amazing.code.LoggingAspect.logMethodAccess(LoggingAspect.java:16)
	at amazing.code.LoggingAspect.logMethodAccess(LoggingAspect.java:16)
	at amazing.code.LoggingAspect.logMethodAccess(LoggingAspect.java:16)
	at amazing.code.LoggingAspect.logMethodAccess(LoggingAspect.java:16)
	at amazing.code.LoggingAspect.logMethodAccess(LoggingAspect.java:16)
	at amazing.code.LoggingAspect.logMethodAccess(LoggingAspect.java:16)
	at amazing.code.LoggingAspect.logMethodAccess(LoggingAspect.java:16)
	at amazing.code.LoggingAspect.logMethodAccess(LoggingAspect.java:16)
	at amazing.code.LoggingAspect.logMethodAccess(LoggingAspect.java:16)
	at amazing.code.LoggingAspect.logMethodAccess(LoggingAspect.java:16)
	at amazing.code.LoggingAspect.logMethodAccess(LoggingAspect.java:16)
	at amazing.code.LoggingAspect.logMethodAccess(LoggingAspect.java:16)
	at amazing.code.LoggingAspect.logMethodAccess(LoggingAspect.java:16)
	at amazing.code.LoggingAspect.logMethodAccess(LoggingAspect.java:16)
	at amazing.code.LoggingAspect.logMethodAccess(LoggingAspect.java:16)
	at amazing.code.LoggingAspect.logMethodAccess(LoggingAspect.java:16)
	at amazing.code.LoggingAspect.logMethodAccess(LoggingAspect.java:16)
	at amazing.code.LoggingAspect.logMethodAccess(LoggingAspect.java:16)
	at amazing.code.LoggingAspect.logMethodAccess(LoggingAspect.java:16)
	at amazing.code.LoggingAspect.logMethodAccess(LoggingAspect.java:16)
	at amazing.code.LoggingAspect.logMethodAccess(LoggingAspect.java:16)
	at amazing.code.LoggingAspect.logMethodAccess(LoggingAspect.java:16)
	at amazing.code.LoggingAspect.logMethodAccess(LoggingAspect.java:16)
	at amazing.code.LoggingAspect.logMethodAccess(LoggingAspect.java:16)
	at amazing.code.LoggingAspect.logMethodAccess(LoggingAspect.java:16)
	at amazing.code.LoggingAspect.logMethodAccess(LoggingAspect.java:16)
	at amazing.code.LoggingAspect.logMethodAccess(LoggingAspect.java:16)
	at amazing.code.LoggingAspect.logMethodAccess(LoggingAspect.java:16)
	at amazing.code.LoggingAspect.logMethodAccess(LoggingAspect.java:16)
	at amazing.code.LoggingAspect.logMethodAccess(LoggingAspect.java:16)
	at amazing.code.LoggingAspect.logMethodAccess(LoggingAspect.java:16)
	at amazing.code.LoggingAspect.logMethodAccess(LoggingAspect.java:16)
	at amazing.code.LoggingAspect.logMethodAccess(LoggingAspect.java:16)
	at amazing.code.LoggingAspect.logMethodAccess(LoggingAspect.java:16)
	at amazing.code.LoggingAspect.logMethodAccess(LoggingAspect.java:16)
	at amazing.code.LoggingAspect.logMethodAccess(LoggingAspect.java:16)
	at amazing.code.LoggingAspect.logMethodAccess(LoggingAspect.java:16)
	at amazing.code.LoggingAspect.logMethodAccess(LoggingAspect.java:16)
	at amazing.code.LoggingAspect.logMethodAccess(LoggingAspect.java:16)
	at amazing.code.LoggingAspect.logMethodAccess(LoggingAspect.java:16)
	at amazing.code.LoggingAspect.logMethodAccess(LoggingAspect.java:16)
	at amazing.code.LoggingAspect.logMethodAccess(LoggingAspect.java:16)
	at amazing.code.LoggingAspect.logMethodAccess(LoggingAspect.java:16)
	at amazing.code.LoggingAspect.logMethodAccess(LoggingAspect.java:16)
	at amazing.code.LoggingAspect.logMethodAccess(LoggingAspect.java:16)
	at amazing.code.LoggingAspect.logMethodAccess(LoggingAspect.java:16)
	at amazing.code.LoggingAspect.logMethodAccess(LoggingAspect.java:16)
	at amazing.code.LoggingAspect.logMethodAccess(LoggingAspect.java:16)
	at amazing.code.LoggingAspect.logMethodAccess(LoggingAspect.java:16)
	at amazing.code.LoggingAspect.logMethodAccess(LoggingAspect.java:16)
	at amazing.code.LoggingAspect.logMethodAccess(LoggingAspect.java:16)
	at amazing.code.LoggingAspect.logMethodAccess(LoggingAspect.java:16)
	at amazing.code.LoggingAspect.logMethodAccess(LoggingAspect.java:16)
	at amazing.code.LoggingAspect.logMethodAccess(LoggingAspect.java:16)
	at amazing.code.LoggingAspect.logMethodAccess(LoggingAspect.java:16)
	at amazing.code.LoggingAspect.logMethodAccess(LoggingAspect.java:16)
	at amazing.code.LoggingAspect.logMethodAccess(LoggingAspect.java:16)
	at amazing.code.LoggingAspect.logMethodAccess(LoggingAspect.java:16)
	at amazing.code.LoggingAspect.logMethodAccess(LoggingAspect.java:16)
	at amazing.code.LoggingAspect.logMethodAccess(LoggingAspect.java:16)
	at amazing.code.LoggingAspect.logMethodAccess(LoggingAspect.java:16)
	at amazing.code.LoggingAspect.logMethodAccess(LoggingAspect.java:16)
	at amazing.code.LoggingAspect.logMethodAccess(LoggingAspect.java:16)
	at amazing.code.LoggingAspect.logMethodAccess(LoggingAspect.java:16)
	at amazing.code.LoggingAspect.logMethodAccess(LoggingAspect.java:16)
	at amazing.code.LoggingAspect.logMethodAccess(LoggingAspect.java:16)
	at amazing.code.LoggingAspect.logMethodAccess(LoggingAspect.java:16)
	at amazing.code.LoggingAspect.logMethodAccess(LoggingAspect.java:16)
	at amazing.code.LoggingAspect.logMethodAccess(LoggingAspect.java:16)
	at amazing.code.LoggingAspect.logMethodAccess(LoggingAspect.java:16)
	at amazing.code.LoggingAspect.logMethodAccess(LoggingAspect.java:16)
	at amazing.code.LoggingAspect.logMethodAccess(LoggingAspect.java:16)
	at amazing.code.LoggingAspect.logMethodAccess(LoggingAspect.java:16)
	at amazing.code.LoggingAspect.logMethodAccess(LoggingAspect.java:16)
	at amazing.code.LoggingAspect.logMethodAccess(LoggingAspect.java:16)
	at amazing.code.LoggingAspect.logMethodAccess(LoggingAspect.java:16)
	at amazing.code.LoggingAspect.logMethodAccess(LoggingAspect.java:16)
	at amazing.code.LoggingAspect.logMethodAccess(LoggingAspect.java:16)
	at amazing.code.LoggingAspect.logMethodAccess(LoggingAspect.java:16)
	at amazing.code.LoggingAspect.logMethodAccess(LoggingAspect.java:16)
	at amazing.code.LoggingAspect.logMethodAccess(LoggingAspect.java:16)
	at amazing.code.LoggingAspect.logMethodAccess(LoggingAspect.java:16)
	at amazing.code.LoggingAspect.logMethodAccess(LoggingAspect.java:16)
	at amazing.code.LoggingAspect.logMethodAccess(LoggingAspect.java:16)
	at amazing.code.LoggingAspect.logMethodAccess(LoggingAspect.java:16)
	at amazing.code.LoggingAspect.logMethodAccess(LoggingAspect.java:16)
	at amazing.code.LoggingAspect.logMethodAccess(LoggingAspect.java:16)
	at amazing.code.LoggingAspect.logMethodAccess(LoggingAspect.java:16)
	at amazing.code.LoggingAspect.logMethodAccess(LoggingAspect.java:16)
	at amazing.code.LoggingAspect.logMethodAccess(LoggingAspect.java:16)
	at amazing.code.LoggingAspect.logMethodAccess(LoggingAspect.java:16)
	at amazing.code.LoggingAspect.logMethodAccess(LoggingAspect.java:16)
	at amazing.code.LoggingAspect.logMethodAccess(LoggingAspect.java:16)
	at amazing.code.LoggingAspect.logMethodAccess(LoggingAspect.java:16)
	at amazing.code.LoggingAspect.logMethodAccess(LoggingAspect.java:16)
	at amazing.code.LoggingAspect.logMethodAccess(LoggingAspect.java:16)
	at amazing.code.LoggingAspect.logMethodAccess(LoggingAspect.java:16)
	at amazing.code.LoggingAspect.logMethodAccess(LoggingAspect.java:16)
	at amazing.code.LoggingAspect.logMethodAccess(LoggingAspect.java:16)
	at amazing.code.LoggingAspect.logMethodAccess(LoggingAspect.java:16)
	at amazing.code.LoggingAspect.logMethodAccess(LoggingAspect.java:16)
	at amazing.code.LoggingAspect.logMethodAccess(LoggingAspect.java:16)
	at amazing.code.LoggingAspect.logMethodAccess(LoggingAspect.java:16)
	at amazing.code.LoggingAspect.logMethodAccess(LoggingAspect.java:16)
	at amazing.code.LoggingAspect.logMethodAccess(LoggingAspect.java:16)
	at amazing.code.LoggingAspect.logMethodAccess(LoggingAspect.java:16)
	at amazing.code.LoggingAspect.logMethodAccess(LoggingAspect.java:16)
	at amazing.code.LoggingAspect.logMethodAccess(LoggingAspect.java:16)
	at amazing.code.LoggingAspect.logMethodAccess(LoggingAspect.java:16)
	at amazing.code.LoggingAspect.logMethodAccess(LoggingAspect.java:16)
	at amazing.code.LoggingAspect.logMethodAccess(LoggingAspect.java:16)
	at amazing.code.LoggingAspect.logMethodAccess(LoggingAspect.java:16)
	at amazing.code.LoggingAspect.logMethodAccess(LoggingAspect.java:16)
	at amazing.code.LoggingAspect.logMethodAccess(LoggingAspect.java:16)
	at amazing.code.LoggingAspect.logMethodAccess(LoggingAspect.java:16)
	at amazing.code.LoggingAspect.logMethodAccess(LoggingAspect.java:16)
	at amazing.code.LoggingAspect.logMethodAccess(LoggingAspect.java:16)
	at amazing.code.LoggingAspect.logMethodAccess(LoggingAspect.java:16)
	at amazing.code.LoggingAspect.logMethodAccess(LoggingAspect.java:16)
	at amazing.code.LoggingAspect.logMethodAccess(LoggingAspect.java:16)
	at amazing.code.LoggingAspect.logMethodAccess(LoggingAspect.java:16)
	at amazing.code.LoggingAspect.logMethodAccess(LoggingAspect.java:16)
	at amazing.code.LoggingAspect.logMethodAccess(LoggingAspect.java:16)
	at amazing.code.LoggingAspect.logMethodAccess(LoggingAspect.java:16)
	at amazing.code.LoggingAspect.logMethodAccess(LoggingAspect.java:16)
	at amazing.code.LoggingAspect.logMethodAccess(LoggingAspect.java:16)
	at amazing.code.LoggingAspect.logMethodAccess(LoggingAspect.java:16)
	at amazing.code.LoggingAspect.logMethodAccess(LoggingAspect.java:16)
	at amazing.code.LoggingAspect.logMethodAccess(LoggingAspect.java:16)
	at amazing.code.LoggingAspect.logMethodAccess(LoggingAspect.java:16)
	at amazing.code.LoggingAspect.logMethodAccess(LoggingAspect.java:16)
	at amazing.code.LoggingAspect.logMethodAccess(LoggingAspect.java:16)
	at amazing.code.LoggingAspect.logMethodAccess(LoggingAspect.java:16)
	at amazing.code.LoggingAspect.logMethodAccess(LoggingAspect.java:16)
	at amazing.code.LoggingAspect.logMethodAccess(LoggingAspect.java:16)
	at amazing.code.LoggingAspect.logMethodAccess(LoggingAspect.java:16)
	at amazing.code.LoggingAspect.logMethodAccess(LoggingAspect.java:16)
	at amazing.code.LoggingAspect.logMethodAccess(LoggingAspect.java:16)
	at amazing.code.LoggingAspect.logMethodAccess(LoggingAspect.java:16)
	at amazing.code.LoggingAspect.logMethodAccess(LoggingAspect.java:16)
	at amazing.code.LoggingAspect.logMethodAccess(LoggingAspect.java:16)
	at amazing.code.LoggingAspect.logMethodAccess(LoggingAspect.java:16)
	at amazing.code.LoggingAspect.logMethodAccess(LoggingAspect.java:16)
	at amazing.code.LoggingAspect.logMethodAccess(LoggingAspect.java:16)
	at amazing.code.LoggingAspect.logMethodAccess(LoggingAspect.java:16)
	at amazing.code.LoggingAspect.logMethodAccess(LoggingAspect.java:16)
	at amazing.code.LoggingAspect.logMethodAccess(LoggingAspect.java:16)
	at amazing.code.LoggingAspect.logMethodAccess(LoggingAspect.java:16)
	at amazing.code.LoggingAspect.logMethodAccess(LoggingAspect.java:16)
	at amazing.code.LoggingAspect.logMethodAccess(LoggingAspect.java:16)
	at amazing.code.LoggingAspect.logMethodAccess(LoggingAspect.java:16)
	at amazing.code.LoggingAspect.logMethodAccess(LoggingAspect.java:16)
	at amazing.code.LoggingAspect.logMethodAccess(LoggingAspect.java:16)
	at amazing.code.LoggingAspect.logMethodAccess(LoggingAspect.java:16)
	at amazing.code.LoggingAspect.logMethodAccess(LoggingAspect.java:16)
	at amazing.code.LoggingAspect.logMethodAccess(LoggingAspect.java:16)
	at amazing.code.LoggingAspect.logMethodAccess(LoggingAspect.java:16)
	at amazing.code.LoggingAspect.logMethodAccess(LoggingAspect.java:16)
	at amazing.code.LoggingAspect.logMethodAccess(LoggingAspect.java:16)
	at amazing.code.LoggingAspect.logMethodAccess(LoggingAspect.java:16)
	at amazing.code.LoggingAspect.logMethodAccess(LoggingAspect.java:16)
	at amazing.code.LoggingAspect.logMethodAccess(LoggingAspect.java:16)
	at amazing.code.LoggingAspect.logMethodAccess(LoggingAspect.java:16)
	at amazing.code.LoggingAspect.logMethodAccess(LoggingAspect.java:16)
	at amazing.code.LoggingAspect.logMethodAccess(LoggingAspect.java:16)
	at amazing.code.LoggingAspect.logMethodAccess(LoggingAspect.java:16)
	at amazing.code.LoggingAspect.logMethodAccess(LoggingAspect.java:16)
	at amazing.code.LoggingAspect.logMethodAccess(LoggingAspect.java:16)
	at amazing.code.LoggingAspect.logMethodAccess(LoggingAspect.java:16)
	at amazing.code.LoggingAspect.logMethodAccess(LoggingAspect.java:16)
	at amazing.code.LoggingAspect.logMethodAccess(LoggingAspect.java:16)
	at amazing.code.LoggingAspect.logMethodAccess(LoggingAspect.java:16)
	at amazing.code.LoggingAspect.logMethodAccess(LoggingAspect.java:16)
	at amazing.code.LoggingAspect.logMethodAccess(LoggingAspect.java:16)
	at amazing.code.LoggingAspect.logMethodAccess(LoggingAspect.java:16)
	at amazing.code.LoggingAspect.logMethodAccess(LoggingAspect.java:16)
	at amazing.code.LoggingAspect.logMethodAccess(LoggingAspect.java:16)
	at amazing.code.LoggingAspect.logMethodAccess(LoggingAspect.java:16)
	at amazing.code.LoggingAspect.logMethodAccess(LoggingAspect.java:16)
	at amazing.code.LoggingAspect.logMethodAccess(LoggingAspect.java:16)
	at amazing.code.LoggingAspect.logMethodAccess(LoggingAspect.java:16)
	at amazing.code.LoggingAspect.logMethodAccess(LoggingAspect.java:16)
	at amazing.code.LoggingAspect.logMethodAccess(LoggingAspect.java:16)
	at amazing.code.LoggingAspect.logMethodAccess(LoggingAspect.java:16)
	at amazing.code.LoggingAspect.logMethodAccess(LoggingAspect.java:16)
	at amazing.code.LoggingAspect.logMethodAccess(LoggingAspect.java:16)
	at amazing.code.LoggingAspect.logMethodAccess(LoggingAspect.java:16)
	at amazing.code.LoggingAspect.logMethodAccess(LoggingAspect.java:16)
	at amazing.code.LoggingAspect.logMethodAccess(LoggingAspect.java:16)
	at amazing.code.LoggingAspect.logMethodAccess(LoggingAspect.java:16)
	at amazing.code.LoggingAspect.logMethodAccess(LoggingAspect.java:16)
	at amazing.code.LoggingAspect.logMethodAccess(LoggingAspect.java:16)
	at amazing.code.LoggingAspect.logMethodAccess(LoggingAspect.java:16)
	at amazing.code.LoggingAspect.logMethodAccess(LoggingAspect.java:16)
	at amazing.code.LoggingAspect.logMethodAccess(LoggingAspect.java:16)
	at amazing.code.LoggingAspect.logMethodAccess(LoggingAspect.java:16)
	at amazing.code.LoggingAspect.logMethodAccess(LoggingAspect.java:16)
	at amazing.code.LoggingAspect.logMethodAccess(LoggingAspect.java:16)
	at amazing.code.LoggingAspect.logMethodAccess(LoggingAspect.java:16)
	at amazing.code.LoggingAspect.logMethodAccess(LoggingAspect.java:16)
	at amazing.code.LoggingAspect.logMethodAccess(LoggingAspect.java:16)
	at amazing.code.LoggingAspect.logMethodAccess(LoggingAspect.java:16)
	at amazing.code.LoggingAspect.logMethodAccess(LoggingAspect.java:16)
	at amazing.code.LoggingAspect.logMethodAccess(LoggingAspect.java:16)
	at amazing.code.LoggingAspect.logMethodAccess(LoggingAspect.java:16)
	at amazing.code.LoggingAspect.logMethodAccess(LoggingAspect.java:16)
	at amazing.code.LoggingAspect.logMethodAccess(LoggingAspect.java:16)
	at amazing.code.LoggingAspect.logMethodAccess(LoggingAspect.java:16)
	at amazing.code.LoggingAspect.logMethodAccess(LoggingAspect.java:16)
	at amazing.code.LoggingAspect.logMethodAccess(LoggingAspect.java:16)
	at amazing.code.LoggingAspect.logMethodAccess(LoggingAspect.java:16)
	at amazing.code.LoggingAspect.logMethodAccess(LoggingAspect.java:16)
	at amazing.code.LoggingAspect.logMethodAccess(LoggingAspect.java:16)
	at amazing.code.LoggingAspect.logMethodAccess(LoggingAspect.java:16)
	at amazing.code.LoggingAspect.logMethodAccess(LoggingAspect.java:16)
	at amazing.code.LoggingAspect.logMethodAccess(LoggingAspect.java:16)
	at amazing.code.LoggingAspect.logMethodAccess(LoggingAspect.java:16)
	at amazing.code.LoggingAspect.logMethodAccess(LoggingAspect.java:16)
	at amazing.code.LoggingAspect.logMethodAccess(LoggingAspect.java:16)
	at amazing.code.LoggingAspect.logMethodAccess(LoggingAspect.java:16)
	at amazing.code.LoggingAspect.logMethodAccess(LoggingAspect.java:16)
	at amazing.code.LoggingAspect.logMethodAccess(LoggingAspect.java:16)
	at amazing.code.LoggingAspect.logMethodAccess(LoggingAspect.java:16)
	at amazing.code.LoggingAspect.logMethodAccess(LoggingAspect.java:16)
	at amazing.code.LoggingAspect.logMethodAccess(LoggingAspect.java:16)
	at amazing.code.LoggingAspect.logMethodAccess(LoggingAspect.java:16)
	at amazing.code.LoggingAspect.logMethodAccess(LoggingAspect.java:16)
	at amazing.code.LoggingAspect.logMethodAccess(LoggingAspect.java:16)
	at amazing.code.LoggingAspect.logMethodAccess(LoggingAspect.java:16)
	at amazing.code.LoggingAspect.logMethodAccess(LoggingAspect.java:16)
	at amazing.code.LoggingAspect.logMethodAccess(LoggingAspect.java:16)
	at amazing.code.LoggingAspect.logMethodAccess(LoggingAspect.java:16)
	at amazing.code.LoggingAspect.logMethodAccess(LoggingAspect.java:16)
	at amazing.code.LoggingAspect.logMethodAccess(LoggingAspect.java:16)
	at amazing.code.LoggingAspect.logMethodAccess(LoggingAspect.java:16)
	at amazing.code.LoggingAspect.logMethodAccess(LoggingAspect.java:16)
	at amazing.code.LoggingAspect.logMethodAccess(LoggingAspect.java:16)
	at amazing.code.LoggingAspect.logMethodAccess(LoggingAspect.java:16)
	at amazing.code.LoggingAspect.logMethodAccess(LoggingAspect.java:16)
	at amazing.code.LoggingAspect.logMethodAccess(LoggingAspect.java:16)
	at amazing.code.LoggingAspect.logMethodAccess(LoggingAspect.java:16)
	at amazing.code.LoggingAspect.logMethodAccess(LoggingAspect.java:16)
	at amazing.code.LoggingAspect.logMethodAccess(LoggingAspect.java:16)
	at amazing.code.LoggingAspect.logMethodAccess(LoggingAspect.java:16)
	at amazing.code.LoggingAspect.logMethodAccess(LoggingAspect.java:16)
	at amazing.code.LoggingAspect.logMethodAccess(LoggingAspect.java:16)
	at amazing.code.LoggingAspect.logMethodAccess(LoggingAspect.java:16)
	at amazing.code.LoggingAspect.logMethodAccess(LoggingAspect.java:16)
	at amazing.code.LoggingAspect.logMethodAccess(LoggingAspect.java:16)
	at amazing.code.LoggingAspect.logMethodAccess(LoggingAspect.java:16)
	at amazing.code.LoggingAspect.logMethodAccess(LoggingAspect.java:16)
	at amazing.code.LoggingAspect.logMethodAccess(LoggingAspect.java:16)
	at amazing.code.LoggingAspect.logMethodAccess(LoggingAspect.java:16)
	at amazing.code.LoggingAspect.logMethodAccess(LoggingAspect.java:16)
	at amazing.code.LoggingAspect.logMethodAccess(LoggingAspect.java:16)
	at amazing.code.LoggingAspect.logMethodAccess(LoggingAspect.java:16)
	at amazing.code.LoggingAspect.logMethodAccess(LoggingAspect.java:16)
	at amazing.code.LoggingAspect.logMethodAccess(LoggingAspect.java:16)
	at amazing.code.LoggingAspect.logMethodAccess(LoggingAspect.java:16)
	at amazing.code.LoggingAspect.logMethodAccess(LoggingAspect.java:16)
	at amazing.code.LoggingAspect.logMethodAccess(LoggingAspect.java:16)
	at amazing.code.LoggingAspect.logMethodAccess(LoggingAspect.java:16)
	at amazing.code.LoggingAspect.logMethodAccess(LoggingAspect.java:16)
	at amazing.code.LoggingAspect.logMethodAccess(LoggingAspect.java:16)
	at amazing.code.LoggingAspect.logMethodAccess(LoggingAspect.java:16)
	at amazing.code.LoggingAspect.logMethodAccess(LoggingAspect.java:16)
	at amazing.code.LoggingAspect.logMethodAccess(LoggingAspect.java:16)
	at amazing.code.LoggingAspect.logMethodAccess(LoggingAspect.java:16)
	at amazing.code.LoggingAspect.logMethodAccess(LoggingAspect.java:16)
	at amazing.code.LoggingAspect.logMethodAccess(LoggingAspect.java:16)
	at amazing.code.LoggingAspect.logMethodAccess(LoggingAspect.java:16)
	at amazing.code.LoggingAspect.logMethodAccess(LoggingAspect.java:16)
	at amazing.code.LoggingAspect.logMethodAccess(LoggingAspect.java:16)
	at amazing.code.LoggingAspect.logMethodAccess(LoggingAspect.java:16)
	at amazing.code.LoggingAspect.logMethodAccess(LoggingAspect.java:16)
	at amazing.code.LoggingAspect.logMethodAccess(LoggingAspect.java:16)
	at amazing.code.LoggingAspect.logMethodAccess(LoggingAspect.java:16)
	at amazing.code.LoggingAspect.logMethodAccess(LoggingAspect.java:16)
	at amazing.code.LoggingAspect.logMethodAccess(LoggingAspect.java:16)
	at amazing.code.LoggingAspect.logMethodAccess(LoggingAspect.java:16)
	at amazing.code.LoggingAspect.logMethodAccess(LoggingAspect.java:16)
	at amazing.code.LoggingAspect.logMethodAccess(LoggingAspect.java:16)
	at amazing.code.LoggingAspect.logMethodAccess(LoggingAspect.java:16)
	at amazing.code.LoggingAspect.logMethodAccess(LoggingAspect.java:16)
	at amazing.code.LoggingAspect.logMethodAccess(LoggingAspect.java:16)
	at amazing.code.LoggingAspect.logMethodAccess(LoggingAspect.java:16)
	at amazing.code.LoggingAspect.logMethodAccess(LoggingAspect.java:16)
	at amazing.code.LoggingAspect.logMethodAccess(LoggingAspect.java:16)
	at amazing.code.LoggingAspect.logMethodAccess(LoggingAspect.java:16)
	at amazing.code.LoggingAspect.logMethodAccess(LoggingAspect.java:16)
	at amazing.code.LoggingAspect.logMethodAccess(LoggingAspect.java:16)
	at amazing.code.LoggingAspect.logMethodAccess(LoggingAspect.java:16)
	at amazing.code.LoggingAspect.logMethodAccess(LoggingAspect.java:16)
	at amazing.code.LoggingAspect.logMethodAccess(LoggingAspect.java:16)
	at amazing.code.LoggingAspect.logMethodAccess(LoggingAspect.java:16)
	at amazing.code.LoggingAspect.logMethodAccess(LoggingAspect.java:16)
	at amazing.code.LoggingAspect.logMethodAccess(LoggingAspect.java:16)
	at amazing.code.LoggingAspect.logMethodAccess(LoggingAspect.java:16)
	at amazing.code.LoggingAspect.logMethodAccess(LoggingAspect.java:16)
	at amazing.code.LoggingAspect.logMethodAccess(LoggingAspect.java:16)
	at amazing.code.LoggingAspect.logMethodAccess(LoggingAspect.java:16)
	at amazing.code.LoggingAspect.logMethodAccess(LoggingAspect.java:16)
	at amazing.code.LoggingAspect.logMethodAccess(LoggingAspect.java:16)
	at amazing.code.LoggingAspect.logMethodAccess(LoggingAspect.java:16)
	at amazing.code.LoggingAspect.logMethodAccess(LoggingAspect.java:16)
	at amazing.code.LoggingAspect.logMethodAccess(LoggingAspect.java:16)
	at amazing.code.LoggingAspect.logMethodAccess(LoggingAspect.java:16)
	at amazing.code.LoggingAspect.logMethodAccess(LoggingAspect.java:16)
	at amazing.code.LoggingAspect.logMethodAccess(LoggingAspect.java:16)
	at amazing.code.LoggingAspect.logMethodAccess(LoggingAspect.java:16)
	at amazing.code.LoggingAspect.logMethodAccess(LoggingAspect.java:16)
	at amazing.code.LoggingAspect.logMethodAccess(LoggingAspect.java:16)
	at amazing.code.LoggingAspect.logMethodAccess(LoggingAspect.java:16)
	at amazing.code.LoggingAspect.logMethodAccess(LoggingAspect.java:16)
	at amazing.code.LoggingAspect.logMethodAccess(LoggingAspect.java:16)
	at amazing.code.LoggingAspect.logMethodAccess(LoggingAspect.java:16)
	at amazing.code.LoggingAspect.logMethodAccess(LoggingAspect.java:16)
	at amazing.code.LoggingAspect.logMethodAccess(LoggingAspect.java:16)
	at amazing.code.LoggingAspect.logMethodAccess(LoggingAspect.java:16)
	at amazing.code.LoggingAspect.logMethodAccess(LoggingAspect.java:16)
	at amazing.code.LoggingAspect.logMethodAccess(LoggingAspect.java:16)
	at amazing.code.LoggingAspect.logMethodAccess(LoggingAspect.java:16)
	at amazing.code.LoggingAspect.logMethodAccess(LoggingAspect.java:16)
	at amazing.code.LoggingAspect.logMethodAccess(LoggingAspect.java:16)
	at amazing.code.LoggingAspect.logMethodAccess(LoggingAspect.java:16)
	at amazing.code.LoggingAspect.logMethodAccess(LoggingAspect.java:16)
	at amazing.code.LoggingAspect.logMethodAccess(LoggingAspect.java:16)
	at amazing.code.LoggingAspect.logMethodAccess(LoggingAspect.java:16)
	at amazing.code.LoggingAspect.logMethodAccess(LoggingAspect.java:16)
	at amazing.code.LoggingAspect.logMethodAccess(LoggingAspect.java:16)
	at amazing.code.LoggingAspect.logMethodAccess(LoggingAspect.java:16)
	at amazing.code.LoggingAspect.logMethodAccess(LoggingAspect.java:16)
	at amazing.code.LoggingAspect.logMethodAccess(LoggingAspect.java:16)
	at amazing.code.LoggingAspect.logMethodAccess(LoggingAspect.java:16)
	at amazing.code.LoggingAspect.logMethodAccess(LoggingAspect.java:16)
	at amazing.code.LoggingAspect.logMethodAccess(LoggingAspect.java:16)
	at amazing.code.LoggingAspect.logMethodAccess(LoggingAspect.java:16)
	at amazing.code.LoggingAspect.logMethodAccess(LoggingAspect.java:16)
	at amazing.code.LoggingAspect.logMethodAccess(LoggingAspect.java:16)
	at amazing.code.LoggingAspect.logMethodAccess(LoggingAspect.java:16)
	at amazing.code.LoggingAspect.logMethodAccess(LoggingAspect.java:16)
	at amazing.code.LoggingAspect.logMethodAccess(LoggingAspect.java:16)
	at amazing.code.LoggingAspect.logMethodAccess(LoggingAspect.java:16)
	at amazing.code.LoggingAspect.logMethodAccess(LoggingAspect.java:16)
	at amazing.code.LoggingAspect.logMethodAccess(LoggingAspect.java:16)
	at amazing.code.LoggingAspect.logMethodAccess(LoggingAspect.java:16)
	at amazing.code.LoggingAspect.logMethodAccess(LoggingAspect.java:16)
	at amazing.code.LoggingAspect.logMethodAccess(LoggingAspect.java:16)
	at amazing.code.LoggingAspect.logMethodAccess(LoggingAspect.java:16)
	at amazing.code.LoggingAspect.logMethodAccess(LoggingAspect.java:16)
	at amazing.code.LoggingAspect.logMethodAccess(LoggingAspect.java:16)
	at amazing.code.LoggingAspect.logMethodAccess(LoggingAspect.java:16)
	at amazing.code.LoggingAspect.logMethodAccess(LoggingAspect.java:16)
	at amazing.code.LoggingAspect.logMethodAccess(LoggingAspect.java:16)
	at amazing.code.LoggingAspect.logMethodAccess(LoggingAspect.java:16)
	at amazing.code.LoggingAspect.logMethodAccess(LoggingAspect.java:16)
	at amazing.code.LoggingAspect.logMethodAccess(LoggingAspect.java:16)
	at amazing.code.LoggingAspect.logMethodAccess(LoggingAspect.java:16)
	at amazing.code.LoggingAspect.logMethodAccess(LoggingAspect.java:16)
	at amazing.code.LoggingAspect.logMethodAccess(LoggingAspect.java:16)
	at amazing.code.LoggingAspect.logMethodAccess(LoggingAspect.java:16)
	at amazing.code.LoggingAspect.logMethodAccess(LoggingAspect.java:16)
	at amazing.code.LoggingAspect.logMethodAccess(LoggingAspect.java:16)
	at amazing.code.LoggingAspect.logMethodAccess(LoggingAspect.java:16)
	at amazing.code.LoggingAspect.logMethodAccess(LoggingAspect.java:16)
	at amazing.code.LoggingAspect.logMethodAccess(LoggingAspect.java:16)
	at amazing.code.LoggingAspect.logMethodAccess(LoggingAspect.java:16)
	at amazing.code.LoggingAspect.logMethodAccess(LoggingAspect.java:16)
	at amazing.code.LoggingAspect.logMethodAccess(LoggingAspect.java:16)
	at amazing.code.LoggingAspect.logMethodAccess(LoggingAspect.java:16)
	at amazing.code.LoggingAspect.logMethodAccess(LoggingAspect.java:16)
	at amazing.code.LoggingAspect.logMethodAccess(LoggingAspect.java:16)
	at amazing.code.LoggingAspect.logMethodAccess(LoggingAspect.java:16)
	at amazing.code.LoggingAspect.logMethodAccess(LoggingAspect.java:16)
	at amazing.code.LoggingAspect.logMethodAccess(LoggingAspect.java:16)
	at amazing.code.LoggingAspect.logMethodAccess(LoggingAspect.java:16)
	at amazing.code.LoggingAspect.logMethodAccess(LoggingAspect.java:16)
	at amazing.code.LoggingAspect.logMethodAccess(LoggingAspect.java:16)
	at amazing.code.LoggingAspect.logMethodAccess(LoggingAspect.java:16)
	at amazing.code.LoggingAspect.logMethodAccess(LoggingAspect.java:16)
	at amazing.code.LoggingAspect.logMethodAccess(LoggingAspect.java:16)
	at amazing.code.LoggingAspect.logMethodAccess(LoggingAspect.java:16)
	at amazing.code.LoggingAspect.logMethodAccess(LoggingAspect.java:16)
	at amazing.code.LoggingAspect.logMethodAccess(LoggingAspect.java:16)
	at amazing.code.LoggingAspect.logMethodAccess(LoggingAspect.java:16)
	at amazing.code.LoggingAspect.logMethodAccess(LoggingAspect.java:16)
	at amazing.code.LoggingAspect.logMethodAccess(LoggingAspect.java:16)
	at amazing.code.LoggingAspect.logMethodAccess(LoggingAspect.java:16)
	at amazing.code.LoggingAspect.logMethodAccess(LoggingAspect.java:16)
	at amazing.code.LoggingAspect.logMethodAccess(LoggingAspect.java:16)
	at amazing.code.LoggingAspect.logMethodAccess(LoggingAspect.java:16)
	at amazing.code.LoggingAspect.logMethodAccess(LoggingAspect.java:16)
	at amazing.code.LoggingAspect.logMethodAccess(LoggingAspect.java:16)
	at amazing.code.LoggingAspect.logMethodAccess(LoggingAspect.java:16)
	at amazing.code.LoggingAspect.logMethodAccess(LoggingAspect.java:16)
	at amazing.code.LoggingAspect.logMethodAccess(LoggingAspect.java:16)
	at amazing.code.LoggingAspect.logMethodAccess(LoggingAspect.java:16)
	at amazing.code.LoggingAspect.logMethodAccess(LoggingAspect.java:16)
	at amazing.code.LoggingAspect.logMethodAccess(LoggingAspect.java:16)
	at amazing.code.LoggingAspect.logMethodAccess(LoggingAspect.java:16)
	at amazing.code.LoggingAspect.logMethodAccess(LoggingAspect.java:16)
	at amazing.code.LoggingAspect.logMethodAccess(LoggingAspect.java:16)
	at amazing.code.LoggingAspect.logMethodAccess(LoggingAspect.java:16)
	at amazing.code.LoggingAspect.logMethodAccess(LoggingAspect.java:16)
	at amazing.code.LoggingAspect.logMethodAccess(LoggingAspect.java:16)
	at amazing.code.LoggingAspect.logMethodAccess(LoggingAspect.java:16)
	at amazing.code.LoggingAspect.logMethodAccess(LoggingAspect.java:16)
	at amazing.code.LoggingAspect.logMethodAccess(LoggingAspect.java:16)
	at amazing.code.LoggingAspect.logMethodAccess(LoggingAspect.java:16)
	at amazing.code.LoggingAspect.logMethodAccess(LoggingAspect.java:16)
	at amazing.code.LoggingAspect.logMethodAccess(LoggingAspect.java:16)
	at amazing.code.LoggingAspect.logMethodAccess(LoggingAspect.java:16)
	at amazing.code.LoggingAspect.logMethodAccess(LoggingAspect.java:16)
	at amazing.code.LoggingAspect.logMethodAccess(LoggingAspect.java:16)
	at amazing.code.LoggingAspect.logMethodAccess(LoggingAspect.java:16)
	at amazing.code.LoggingAspect.logMethodAccess(LoggingAspect.java:16)
	at amazing.code.LoggingAspect.logMethodAccess(LoggingAspect.java:16)
	at amazing.code.LoggingAspect.logMethodAccess(LoggingAspect.java:16)
	at amazing.code.LoggingAspect.logMethodAccess(LoggingAspect.java:16)
	at amazing.code.LoggingAspect.logMethodAccess(LoggingAspect.java:16)
	at amazing.code.LoggingAspect.logMethodAccess(LoggingAspect.java:16)
	at amazing.code.LoggingAspect.logMethodAccess(LoggingAspect.java:16)
	at amazing.code.LoggingAspect.logMethodAccess(LoggingAspect.java:16)
	at amazing.code.LoggingAspect.logMethodAccess(LoggingAspect.java:16)
	at amazing.code.LoggingAspect.logMethodAccess(LoggingAspect.java:16)
	at amazing.code.LoggingAspect.logMethodAccess(LoggingAspect.java:16)
	at amazing.code.LoggingAspect.logMethodAccess(LoggingAspect.java:16)
	at amazing.code.LoggingAspect.logMethodAccess(LoggingAspect.java:16)
	at amazing.code.LoggingAspect.logMethodAccess(LoggingAspect.java:16)
	at amazing.code.LoggingAspect.logMethodAccess(LoggingAspect.java:16)
	at amazing.code.LoggingAspect.logMethodAccess(LoggingAspect.java:16)
	at amazing.code.LoggingAspect.logMethodAccess(LoggingAspect.java:16)
	at amazing.code.LoggingAspect.logMethodAccess(LoggingAspect.java:16)
	at amazing.code.LoggingAspect.logMethodAccess(LoggingAspect.java:16)
	at amazing.code.LoggingAspect.logMethodAccess(LoggingAspect.java:16)
	at amazing.code.LoggingAspect.logMethodAccess(LoggingAspect.java:16)
	at amazing.code.LoggingAspect.logMethodAccess(LoggingAspect.java:16)
	at amazing.code.LoggingAspect.logMethodAccess(LoggingAspect.java:16)
	at amazing.code.LoggingAspect.logMethodAccess(LoggingAspect.java:16)
	at amazing.code.LoggingAspect.logMethodAccess(LoggingAspect.java:16)
	at amazing.code.LoggingAspect.logMethodAccess(LoggingAspect.java:16)
	at amazing.code.LoggingAspect.logMethodAccess(LoggingAspect.java:16)
	at amazing.code.LoggingAspect.logMethodAccess(LoggingAspect.java:16)
	at amazing.code.LoggingAspect.logMethodAccess(LoggingAspect.java:16)
	at amazing.code.LoggingAspect.logMethodAccess(LoggingAspect.java:16)
	at amazing.code.LoggingAspect.logMethodAccess(LoggingAspect.java:16)
	at amazing.code.LoggingAspect.logMethodAccess(LoggingAspect.java:16)
	at amazing.code.LoggingAspect.logMethodAccess(LoggingAspect.java:16)
	at amazing.code.LoggingAspect.logMethodAccess(LoggingAspect.java:16)
	at amazing.code.LoggingAspect.logMethodAccess(LoggingAspect.java:16)
	at amazing.code.LoggingAspect.logMethodAccess(LoggingAspect.java:16)
	at amazing.code.LoggingAspect.logMethodAccess(LoggingAspect.java:16)
	at amazing.code.LoggingAspect.logMethodAccess(LoggingAspect.java:16)
	at amazing.code.LoggingAspect.logMethodAccess(LoggingAspect.java:16)
	at amazing.code.LoggingAspect.logMethodAccess(LoggingAspect.java:16)
	at amazing.code.LoggingAspect.logMethodAccess(LoggingAspect.java:16)
	at amazing.code.LoggingAspect.logMethodAccess(LoggingAspect.java:16)
	at amazing.code.LoggingAspect.logMethodAccess(LoggingAspect.java:16)
	at amazing.code.LoggingAspect.logMethodAccess(LoggingAspect.java:16)
	at amazing.code.LoggingAspect.logMethodAccess(LoggingAspect.java:16)
	at amazing.code.LoggingAspect.logMethodAccess(LoggingAspect.java:16)
	at amazing.code.LoggingAspect.logMethodAccess(LoggingAspect.java:16)
	at amazing.code.LoggingAspect.logMethodAccess(LoggingAspect.java:16)
	at amazing.code.LoggingAspect.logMethodAccess(LoggingAspect.java:16)
	at amazing.code.LoggingAspect.logMethodAccess(LoggingAspect.java:16)
	at amazing.code.LoggingAspect.logMethodAccess(LoggingAspect.java:16)
	at amazing.code.LoggingAspect.logMethodAccess(LoggingAspect.java:16)
	at amazing.code.LoggingAspect.logMethodAccess(LoggingAspect.java:16)
	at amazing.code.LoggingAspect.logMethodAccess(LoggingAspect.java:16)
	at amazing.code.LoggingAspect.logMethodAccess(LoggingAspect.java:16)
	at amazing.code.LoggingAspect.logMethodAccess(LoggingAspect.java:16)
	at amazing.code.LoggingAspect.logMethodAccess(LoggingAspect.java:16)
	at amazing.code.LoggingAspect.logMethodAccess(LoggingAspect.java:16)
	at amazing.code.LoggingAspect.logMethodAccess(LoggingAspect.java:16)
	at amazing.code.LoggingAspect.logMethodAccess(LoggingAspect.java:16)
	at amazing.code.LoggingAspect.logMethodAccess(LoggingAspect.java:16)
	at amazing.code.LoggingAspect.logMethodAccess(LoggingAspect.java:16)
	at amazing.code.LoggingAspect.logMethodAccess(LoggingAspect.java:16)
	at amazing.code.LoggingAspect.logMethodAccess(LoggingAspect.java:16)
	at amazing.code.LoggingAspect.logMethodAccess(LoggingAspect.java:16)
	at amazing.code.LoggingAspect.logMethodAccess(LoggingAspect.java:16)
	at amazing.code.LoggingAspect.logMethodAccess(LoggingAspect.java:16)
	at amazing.code.LoggingAspect.logMethodAccess(LoggingAspect.java:16)
	at amazing.code.LoggingAspect.logMethodAccess(LoggingAspect.java:16)
	at amazing.code.LoggingAspect.logMethodAccess(LoggingAspect.java:16)
	at amazing.code.LoggingAspect.logMethodAccess(LoggingAspect.java:16)
	at amazing.code.LoggingAspect.logMethodAccess(LoggingAspect.java:16)
	at amazing.code.LoggingAspect.logMethodAccess(LoggingAspect.java:16)
	at amazing.code.LoggingAspect.logMethodAccess(LoggingAspect.java:16)
	at amazing.code.LoggingAspect.logMethodAccess(LoggingAspect.java:16)
	at amazing.code.LoggingAspect.logMethodAccess(LoggingAspect.java:16)
	at amazing.code.LoggingAspect.logMethodAccess(LoggingAspect.java:16)
	at amazing.code.LoggingAspect.logMethodAccess(LoggingAspect.java:16)
	at amazing.code.LoggingAspect.logMethodAccess(LoggingAspect.java:16)
	at amazing.code.LoggingAspect.logMethodAccess(LoggingAspect.java:16)
	at amazing.code.LoggingAspect.logMethodAccess(LoggingAspect.java:16)
	at amazing.code.LoggingAspect.logMethodAccess(LoggingAspect.java:16)
	at amazing.code.LoggingAspect.logMethodAccess(LoggingAspect.java:16)
	at amazing.code.LoggingAspect.logMethodAccess(LoggingAspect.java:16)
	at amazing.code.LoggingAspect.logMethodAccess(LoggingAspect.java:16)
	at amazing.code.LoggingAspect.logMethodAccess(LoggingAspect.java:16)
	at amazing.code.LoggingAspect.logMethodAccess(LoggingAspect.java:16)
	at amazing.code.LoggingAspect.logMethodAccess(LoggingAspect.java:16)
	at amazing.code.LoggingAspect.logMethodAccess(LoggingAspect.java:16)
	at amazing.code.LoggingAspect.logMethodAccess(LoggingAspect.java:16)
	at amazing.code.LoggingAspect.logMethodAccess(LoggingAspect.java:16)
	at amazing.code.LoggingAspect.logMethodAccess(LoggingAspect.java:16)
	at amazing.code.LoggingAspect.logMethodAccess(LoggingAspect.java:16)
	at amazing.code.LoggingAspect.logMethodAccess(LoggingAspect.java:16)
	at amazing.code.LoggingAspect.logMethodAccess(LoggingAspect.java:16)
	at amazing.code.LoggingAspect.logMethodAccess(LoggingAspect.java:16)
	at amazing.code.LoggingAspect.logMethodAccess(LoggingAspect.java:16)
	at amazing.code.LoggingAspect.logMethodAccess(LoggingAspect.java:16)
	at amazing.code.LoggingAspect.logMethodAccess(LoggingAspect.java:16)
	at amazing.code.LoggingAspect.logMethodAccess(LoggingAspect.java:16)
	at amazing.code.LoggingAspect.logMethodAccess(LoggingAspect.java:16)
	at amazing.code.LoggingAspect.logMethodAccess(LoggingAspect.java:16)
	at amazing.code.LoggingAspect.logMethodAccess(LoggingAspect.java:16)
	at amazing.code.LoggingAspect.logMethodAccess(LoggingAspect.java:16)
	at amazing.code.LoggingAspect.logMethodAccess(LoggingAspect.java:16)
	at amazing.code.LoggingAspect.logMethodAccess(LoggingAspect.java:16)
	at amazing.code.LoggingAspect.logMethodAccess(LoggingAspect.java:16)
	at amazing.code.LoggingAspect.logMethodAccess(LoggingAspect.java:16)
	at amazing.code.LoggingAspect.logMethodAccess(LoggingAspect.java:16)
	at amazing.code.LoggingAspect.logMethodAccess(LoggingAspect.java:16)
	at amazing.code.LoggingAspect.logMethodAccess(LoggingAspect.java:16)
	at amazing.code.LoggingAspect.logMethodAccess(LoggingAspect.java:16)
	at amazing.code.LoggingAspect.logMethodAccess(LoggingAspect.java:16)
	at amazing.code.LoggingAspect.logMethodAccess(LoggingAspect.java:16)
	at amazing.code.LoggingAspect.logMethodAccess(LoggingAspect.java:16)
	at amazing.code.LoggingAspect.logMethodAccess(LoggingAspect.java:16)
	at amazing.code.LoggingAspect.logMethodAccess(LoggingAspect.java:16)
	at amazing.code.LoggingAspect.logMethodAccess(LoggingAspect.java:16)
	at amazing.code.LoggingAspect.logMethodAccess(LoggingAspect.java:16)
	at amazing.code.LoggingAspect.logMethodAccess(LoggingAspect.java:16)
	at amazing.code.LoggingAspect.logMethodAccess(LoggingAspect.java:16)
	at amazing.code.LoggingAspect.logMethodAccess(LoggingAspect.java:16)
	at amazing.code.LoggingAspect.logMethodAccess(LoggingAspect.java:16)
	at amazing.code.LoggingAspect.logMethodAccess(LoggingAspect.java:16)
	at amazing.code.LoggingAspect.logMethodAccess(LoggingAspect.java:16)
	at amazing.code.LoggingAspect.logMethodAccess(LoggingAspect.java:16)
	at amazing.code.LoggingAspect.logMethodAccess(LoggingAspect.java:16)
	at amazing.code.LoggingAspect.logMethodAccess(LoggingAspect.java:16)
	at amazing.code.LoggingAspect.logMethodAccess(LoggingAspect.java:16)
	at amazing.code.LoggingAspect.logMethodAccess(LoggingAspect.java:16)
	at amazing.code.LoggingAspect.logMethodAccess(LoggingAspect.java:16)
	at amazing.code.LoggingAspect.logMethodAccess(LoggingAspect.java:16)
	at amazing.code.LoggingAspect.logMethodAccess(LoggingAspect.java:16)
	at amazing.code.LoggingAspect.logMethodAccess(LoggingAspect.java:16)
	at amazing.code.LoggingAspect.logMethodAccess(LoggingAspect.java:16)
	at amazing.code.LoggingAspect.logMethodAccess(LoggingAspect.java:16)
	at amazing.code.LoggingAspect.logMethodAccess(LoggingAspect.java:16)
	at amazing.code.LoggingAspect.logMethodAccess(LoggingAspect.java:16)
	at amazing.code.LoggingAspect.logMethodAccess(LoggingAspect.java:16)
	at amazing.code.LoggingAspect.logMethodAccess(LoggingAspect.java:16)
	at amazing.code.LoggingAspect.logMethodAccess(LoggingAspect.java:16)
	at amazing.code.LoggingAspect.logMethodAccess(LoggingAspect.java:16)
	at amazing.code.LoggingAspect.logMethodAccess(LoggingAspect.java:16)
	at amazing.code.LoggingAspect.logMethodAccess(LoggingAspect.java:16)
	at amazing.code.LoggingAspect.logMethodAccess(LoggingAspect.java:16)
	at amazing.code.LoggingAspect.logMethodAccess(LoggingAspect.java:16)
	at amazing.code.LoggingAspect.logMethodAccess(LoggingAspect.java:16)
	at amazing.code.LoggingAspect.logMethodAccess(LoggingAspect.java:16)
	at amazing.code.LoggingAspect.logMethodAccess(LoggingAspect.java:16)
	at amazing.code.LoggingAspect.logMethodAccess(LoggingAspect.java:16)
	at amazing.code.LoggingAspect.logMethodAccess(LoggingAspect.java:16)
	at amazing.code.LoggingAspect.logMethodAccess(LoggingAspect.java:16)
	at amazing.code.LoggingAspect.logMethodAccess(LoggingAspect.java:16)
	at amazing.code.LoggingAspect.logMethodAccess(LoggingAspect.java:16)
	at amazing.code.LoggingAspect.logMethodAccess(LoggingAspect.java:16)
	at amazing.code.LoggingAspect.logMethodAccess(LoggingAspect.java:16)
	at amazing.code.LoggingAspect.logMethodAccess(LoggingAspect.java:16)
	at amazing.code.LoggingAspect.logMethodAccess(LoggingAspect.java:16)
	at amazing.code.LoggingAspect.logMethodAccess(LoggingAspect.java:16)
	at amazing.code.LoggingAspect.logMethodAccess(LoggingAspect.java:16)
	at amazing.code.LoggingAspect.logMethodAccess(LoggingAspect.java:16)
	at amazing.code.LoggingAspect.logMethodAccess(LoggingAspect.java:16)
	at amazing.code.LoggingAspect.logMethodAccess(LoggingAspect.java:16)
	at amazing.code.LoggingAspect.logMethodAccess(LoggingAspect.java:16)
	at amazing.code.LoggingAspect.logMethodAccess(LoggingAspect.java:16)
	at amazing.code.LoggingAspect.logMethodAccess(LoggingAspect.java:16)
	at amazing.code.LoggingAspect.logMethodAccess(LoggingAspect.java:16)
	at amazing.code.LoggingAspect.logMethodAccess(LoggingAspect.java:16)
	at amazing.code.LoggingAspect.logMethodAccess(LoggingAspect.java:16)
	at amazing.code.LoggingAspect.logMethodAccess(LoggingAspect.java:16)
	at amazing.code.LoggingAspect.logMethodAccess(LoggingAspect.java:16)
	at amazing.code.LoggingAspect.logMethodAccess(LoggingAspect.java:16)
	at amazing.code.LoggingAspect.logMethodAccess(LoggingAspect.java:16)
	at amazing.code.LoggingAspect.logMethodAccess(LoggingAspect.java:16)
	at amazing.code.LoggingAspect.logMethodAccess(LoggingAspect.java:16)
	at amazing.code.LoggingAspect.logMethodAccess(LoggingAspect.java:16)
	at amazing.code.LoggingAspect.logMethodAccess(LoggingAspect.java:16)
	at amazing.code.LoggingAspect.logMethodAccess(LoggingAspect.java:16)
	at amazing.code.LoggingAspect.logMethodAccess(LoggingAspect.java:16)
	at amazing.code.LoggingAspect.logMethodAccess(LoggingAspect.java:16)
	at amazing.code.LoggingAspect.logMethodAccess(LoggingAspect.java:16)
	at amazing.code.LoggingAspect.logMethodAccess(LoggingAspect.java:16)
	at amazing.code.LoggingAspect.logMethodAccess(LoggingAspect.java:16)
	at amazing.code.LoggingAspect.logMethodAccess(LoggingAspect.java:16)
	at amazing.code.LoggingAspect.logMethodAccess(LoggingAspect.java:16)
	at amazing.code.LoggingAspect.logMethodAccess(LoggingAspect.java:16)
	at amazing.code.LoggingAspect.logMethodAccess(LoggingAspect.java:16)
	at amazing.code.LoggingAspect.logMethodAccess(LoggingAspect.java:16)
	at amazing.code.LoggingAspect.logMethodAccess(LoggingAspect.java:16)
	at amazing.code.LoggingAspect.logMethodAccess(LoggingAspect.java:16)
	at amazing.code.LoggingAspect.logMethodAccess(LoggingAspect.java:16)
	at amazing.code.LoggingAspect.logMethodAccess(LoggingAspect.java:16)
	at amazing.code.LoggingAspect.logMethodAccess(LoggingAspect.java:16)
	at amazing.code.LoggingAspect.logMethodAccess(LoggingAspect.java:16)
	at amazing.code.LoggingAspect.logMethodAccess(LoggingAspect.java:16)
	at amazing.code.LoggingAspect.logMethodAccess(LoggingAspect.java:16)
	at amazing.code.LoggingAspect.logMethodAccess(LoggingAspect.java:16)
	at amazing.code.LoggingAspect.logMethodAccess(LoggingAspect.java:16)
	at amazing.code.LoggingAspect.logMethodAccess(LoggingAspect.java:16)
	at amazing.code.LoggingAspect.logMethodAccess(LoggingAspect.java:16)
	at amazing.code.LoggingAspect.logMethodAccess(LoggingAspect.java:16)
	at amazing.code.LoggingAspect.logMethodAccess(LoggingAspect.java:16)
	at amazing.code.LoggingAspect.logMethodAccess(LoggingAspect.java:16)
	at amazing.code.LoggingAspect.logMethodAccess(LoggingAspect.java:16)
	at amazing.code.LoggingAspect.logMethodAccess(LoggingAspect.java:16)
	at amazing.code.LoggingAspect.logMethodAccess(LoggingAspect.java:16)
	at amazing.code.LoggingAspect.logMethodAccess(LoggingAspect.java:16)
	at amazing.code.LoggingAspect.logMethodAccess(LoggingAspect.java:16)
	at amazing.code.LoggingAspect.logMethodAccess(LoggingAspect.java:16)
	at amazing.code.LoggingAspect.logMethodAccess(LoggingAspect.java:16)
	at amazing.code.LoggingAspect.logMethodAccess(LoggingAspect.java:16)
	at amazing.code.LoggingAspect.logMethodAccess(LoggingAspect.java:16)
	at amazing.code.LoggingAspect.logMethodAccess(LoggingAspect.java:16)
	at amazing.code.LoggingAspect.logMethodAccess(LoggingAspect.java:16)
	at amazing.code.LoggingAspect.logMethodAccess(LoggingAspect.java:16)
	at amazing.code.LoggingAspect.logMethodAccess(LoggingAspect.java:16)
	at amazing.code.LoggingAspect.logMethodAccess(LoggingAspect.java:16)
	at amazing.code.LoggingAspect.logMethodAccess(LoggingAspect.java:16)
	at amazing.code.LoggingAspect.logMethodAccess(LoggingAspect.java:16)
	at amazing.code.LoggingAspect.logMethodAccess(LoggingAspect.java:16)
	at amazing.code.LoggingAspect.logMethodAccess(LoggingAspect.java:16)
	at amazing.code.LoggingAspect.logMethodAccess(LoggingAspect.java:16)
	at amazing.code.LoggingAspect.logMethodAccess(LoggingAspect.java:16)
	at amazing.code.LoggingAspect.logMethodAccess(LoggingAspect.java:16)
	at amazing.code.LoggingAspect.logMethodAccess(LoggingAspect.java:16)
	at amazing.code.LoggingAspect.logMethodAccess(LoggingAspect.java:16)
	at amazing.code.LoggingAspect.logMethodAccess(LoggingAspect.java:16)
	at amazing.code.LoggingAspect.logMethodAccess(LoggingAspect.java:16)
	at amazing.code.LoggingAspect.logMethodAccess(LoggingAspect.java:16)
	at amazing.code.LoggingAspect.logMethodAccess(LoggingAspect.java:16)
	at amazing.code.LoggingAspect.logMethodAccess(LoggingAspect.java:16)
	at amazing.code.LoggingAspect.logMethodAccess(LoggingAspect.java:16)
	at amazing.code.LoggingAspect.logMethodAccess(LoggingAspect.java:16)
	at amazing.code.LoggingAspect.logMethodAccess(LoggingAspect.java:16)
	at amazing.code.LoggingAspect.logMethodAccess(LoggingAspect.java:16)
	at amazing.code.LoggingAspect.logMethodAccess(LoggingAspect.java:16)
	at amazing.code.LoggingAspect.logMethodAccess(LoggingAspect.java:16)
	at amazing.code.LoggingAspect.logMethodAccess(LoggingAspect.java:16)
	at amazing.code.LoggingAspect.logMethodAccess(LoggingAspect.java:16)
	at amazing.code.LoggingAspect.logMethodAccess(LoggingAspect.java:16)
	at amazing.code.LoggingAspect.logMethodAccess(LoggingAspect.java:16)
	at amazing.code.LoggingAspect.logMethodAccess(LoggingAspect.java:16)
	at amazing.code.LoggingAspect.logMethodAccess(LoggingAspect.java:16)
	at amazing.code.LoggingAspect.logMethodAccess(LoggingAspect.java:16)
	at amazing.code.LoggingAspect.logMethodAccess(LoggingAspect.java:16)
	at amazing.code.LoggingAspect.logMethodAccess(LoggingAspect.java:16)
	at amazing.code.LoggingAspect.logMethodAccess(LoggingAspect.java:16)
	at amazing.code.LoggingAspect.logMethodAccess(LoggingAspect.java:16)
	at amazing.code.LoggingAspect.logMethodAccess(LoggingAspect.java:16)
	at amazing.code.LoggingAspect.logMethodAccess(LoggingAspect.java:16)
	at amazing.code.LoggingAspect.logMethodAccess(LoggingAspect.java:16)
	at amazing.code.LoggingAspect.logMethodAccess(LoggingAspect.java:16)
	at amazing.code.LoggingAspect.logMethodAccess(LoggingAspect.java:16)
	at amazing.code.LoggingAspect.logMethodAccess(LoggingAspect.java:16)
	at amazing.code.LoggingAspect.logMethodAccess(LoggingAspect.java:16)
	at amazing.code.LoggingAspect.logMethodAccess(LoggingAspect.java:16)
	at amazing.code.LoggingAspect.logMethodAccess(LoggingAspect.java:16)
	at amazing.code.LoggingAspect.logMethodAccess(LoggingAspect.java:16)
	at amazing.code.LoggingAspect.logMethodAccess(LoggingAspect.java:16)
	at amazing.code.LoggingAspect.logMethodAccess(LoggingAspect.java:16)
	at amazing.code.LoggingAspect.logMethodAccess(LoggingAspect.java:16)
	at amazing.code.LoggingAspect.logMethodAccess(LoggingAspect.java:16)
	at amazing.code.LoggingAspect.logMethodAccess(LoggingAspect.java:16)
	at amazing.code.LoggingAspect.logMethodAccess(LoggingAspect.java:16)
	at amazing.code.LoggingAspect.logMethodAccess(LoggingAspect.java:16)
	at amazing.code.LoggingAspect.logMethodAccess(LoggingAspect.java:16)
	at amazing.code.LoggingAspect.logMethodAccess(LoggingAspect.java:16)
	at amazing.code.LoggingAspect.logMethodAccess(LoggingAspect.java:16)
	at amazing.code.LoggingAspect.logMethodAccess(LoggingAspect.java:16)
	at amazing.code.LoggingAspect.logMethodAccess(LoggingAspect.java:16)
	at amazing.code.LoggingAspect.logMethodAccess(LoggingAspect.java:16)
	at amazing.code.LoggingAspect.logMethodAccess(LoggingAspect.java:16)
	at amazing.code.LoggingAspect.logMethodAccess(LoggingAspect.java:16)
	at amazing.code.LoggingAspect.logMethodAccess(LoggingAspect.java:16)
	at amazing.code.LoggingAspect.logMethodAccess(LoggingAspect.java:16)
	at amazing.code.LoggingAspect.logMethodAccess(LoggingAspect.java:16)
	at amazing.code.LoggingAspect.logMethodAccess(LoggingAspect.java:16)
	at amazing.code.LoggingAspect.logMethodAccess(LoggingAspect.java:16)
	at amazing.code.LoggingAspect.logMethodAccess(LoggingAspect.java:16)
	at amazing.code.LoggingAspect.logMethodAccess(LoggingAspect.java:16)
	at amazing.code.LoggingAspect.logMethodAccess(LoggingAspect.java:16)
	at amazing.code.LoggingAspect.logMethodAccess(LoggingAspect.java:16)
	at amazing.code.LoggingAspect.logMethodAccess(LoggingAspect.java:16)
	at amazing.code.LoggingAspect.logMethodAccess(LoggingAspect.java:16)
	at amazing.code.LoggingAspect.logMethodAccess(LoggingAspect.java:16)
	at amazing.code.LoggingAspect.logMethodAccess(LoggingAspect.java:16)
	at amazing.code.LoggingAspect.logMethodAccess(LoggingAspect.java:16)
	at amazing.code.LoggingAspect.logMethodAccess(LoggingAspect.java:16)
	at amazing.code.LoggingAspect.logMethodAccess(LoggingAspect.java:16)
	at amazing.code.LoggingAspect.logMethodAccess(LoggingAspect.java:16)
	at amazing.code.LoggingAspect.logMethodAccess(LoggingAspect.java:16)
	at amazing.code.LoggingAspect.logMethodAccess(LoggingAspect.java:16)
	at amazing.code.LoggingAspect.logMethodAccess(LoggingAspect.java:16)
	at amazing.code.LoggingAspect.logMethodAccess(LoggingAspect.java:16)
	at amazing.code.LoggingAspect.logMethodAccess(LoggingAspect.java:16)
	at amazing.code.LoggingAspect.logMethodAccess(LoggingAspect.java:16)
	at amazing.code.LoggingAspect.logMethodAccess(LoggingAspect.java:16)
	at amazing.code.LoggingAspect.logMethodAccess(LoggingAspect.java:16)
	at amazing.code.LoggingAspect.logMethodAccess(LoggingAspect.java:16)
	at amazing.code.LoggingAspect.logMethodAccess(LoggingAspect.java:16)
	at amazing.code.LoggingAspect.logMethodAccess(LoggingAspect.java:16)
	at amazing.code.LoggingAspect.logMethodAccess(LoggingAspect.java:16)
	at amazing.code.LoggingAspect.logMethodAccess(LoggingAspect.java:16)
	at amazing.code.LoggingAspect.logMethodAccess(LoggingAspect.java:16)
	at amazing.code.LoggingAspect.logMethodAccess(LoggingAspect.java:16)
	at amazing.code.LoggingAspect.logMethodAccess(LoggingAspect.java:16)
	at amazing.code.LoggingAspect.logMethodAccess(LoggingAspect.java:16)
	at amazing.code.LoggingAspect.logMethodAccess(LoggingAspect.java:16)
	at amazing.code.LoggingAspect.logMethodAccess(LoggingAspect.java:16)
	at amazing.code.LoggingAspect.logMethodAccess(LoggingAspect.java:16)
	at amazing.code.LoggingAspect.logMethodAccess(LoggingAspect.java:16)
	at amazing.code.LoggingAspect.logMethodAccess(LoggingAspect.java:16)
	at amazing.code.LoggingAspect.logMethodAccess(LoggingAspect.java:16)
	at amazing.code.LoggingAspect.logMethodAccess(LoggingAspect.java:16)
	at amazing.code.LoggingAspect.logMethodAccess(LoggingAspect.java:16)
	at amazing.code.LoggingAspect.logMethodAccess(LoggingAspect.java:16)
	at amazing.code.LoggingAspect.logMethodAccess(LoggingAspect.java:16)
	at amazing.code.LoggingAspect.logMethodAccess(LoggingAspect.java:16)
	at amazing.code.LoggingAspect.logMethodAccess(LoggingAspect.java:16)
	at amazing.code.LoggingAspect.logMethodAccess(LoggingAspect.java:16)
	at amazing.code.LoggingAspect.logMethodAccess(LoggingAspect.java:16)
	at amazing.code.LoggingAspect.logMethodAccess(LoggingAspect.java:16)
	at amazing.code.LoggingAspect.logMethodAccess(LoggingAspect.java:16)
	at amazing.code.LoggingAspect.logMethodAccess(LoggingAspect.java:16)
	at amazing.code.LoggingAspect.logMethodAccess(LoggingAspect.java:16)
	at amazing.code.LoggingAspect.logMethodAccess(LoggingAspect.java:16)
	at amazing.code.LoggingAspect.logMethodAccess(LoggingAspect.java:16)
	at amazing.code.LoggingAspect.logMethodAccess(LoggingAspect.java:16)
	at amazing.code.LoggingAspect.logMethodAccess(LoggingAspect.java:16)
	at amazing.code.LoggingAspect.logMethodAccess(LoggingAspect.java:16)
	at amazing.code.LoggingAspect.logMethodAccess(LoggingAspect.java:16)
	at amazing.code.LoggingAspect.logMethodAccess(LoggingAspect.java:16)
	at amazing.code.LoggingAspect.logMethodAccess(LoggingAspect.java:16)
	at amazing.code.LoggingAspect.logMethodAccess(LoggingAspect.java:16)
	at amazing.code.LoggingAspect.logMethodAccess(LoggingAspect.java:16)
	at amazing.code.LoggingAspect.logMethodAccess(LoggingAspect.java:16)
	at amazing.code.LoggingAspect.logMethodAccess(LoggingAspect.java:16)
	at amazing.code.LoggingAspect.logMethodAccess(LoggingAspect.java:16)
	at amazing.code.LoggingAspect.logMethodAccess(LoggingAspect.java:16)
	at amazing.code.LoggingAspect.logMethodAccess(LoggingAspect.java:16)
	at amazing.code.LoggingAspect.logMethodAccess(LoggingAspect.java:16)
	at amazing.code.LoggingAspect.logMethodAccess(LoggingAspect.java:16)
	at amazing.code.LoggingAspect.logMethodAccess(LoggingAspect.java:16)
	at amazing.code.LoggingAspect.logMethodAccess(LoggingAspect.java:16)
	at amazing.code.LoggingAspect.logMethodAccess(LoggingAspect.java:16)
	at amazing.code.LoggingAspect.logMethodAccess(LoggingAspect.java:16)
	at amazing.code.LoggingAspect.logMethodAccess(LoggingAspect.java:16)
	at amazing.code.LoggingAspect.logMethodAccess(LoggingAspect.java:16)
	at amazing.code.LoggingAspect.logMethodAccess(LoggingAspect.java:16)
	at amazing.code.LoggingAspect.logMethodAccess(LoggingAspect.java:16)
	at amazing.code.LoggingAspect.logMethodAccess(LoggingAspect.java:16)
	at amazing.code.LoggingAspect.logMethodAccess(LoggingAspect.java:16)
	at amazing.code.LoggingAspect.logMethodAccess(LoggingAspect.java:16)
	at amazing.code.LoggingAspect.logMethodAccess(LoggingAspect.java:16)
	at amazing.code.LoggingAspect.logMethodAccess(LoggingAspect.java:16)
	at amazing.code.LoggingAspect.logMethodAccess(LoggingAspect.java:16)
	at amazing.code.LoggingAspect.logMethodAccess(LoggingAspect.java:16)
	at amazing.code.LoggingAspect.logMethodAccess(LoggingAspect.java:16)
	at amazing.code.LoggingAspect.logMethodAccess(LoggingAspect.java:16)
	at amazing.code.LoggingAspect.logMethodAccess(LoggingAspect.java:16)
	at amazing.code.LoggingAspect.logMethodAccess(LoggingAspect.java:16)
	at amazing.code.LoggingAspect.logMethodAccess(LoggingAspect.java:16)
	at amazing.code.LoggingAspect.logMethodAccess(LoggingAspect.java:16)
	at amazing.code.LoggingAspect.logMethodAccess(LoggingAspect.java:16)
	at amazing.code.LoggingAspect.logMethodAccess(LoggingAspect.java:16)
	at amazing.code.LoggingAspect.logMethodAccess(LoggingAspect.java:16)
	at amazing.code.LoggingAspect.logMethodAccess(LoggingAspect.java:16)
	at amazing.code.LoggingAspect.logMethodAccess(LoggingAspect.java:16)
	at amazing.code.LoggingAspect.logMethodAccess(LoggingAspect.java:16)
	at amazing.code.LoggingAspect.logMethodAccess(LoggingAspect.java:16)
	at amazing.code.LoggingAspect.logMethodAccess(LoggingAspect.java:16)
	at amazing.code.LoggingAspect.logMethodAccess(LoggingAspect.java:16)
	at amazing.code.LoggingAspect.logMethodAccess(LoggingAspect.java:16)
	at amazing.code.LoggingAspect.logMethodAccess(LoggingAspect.java:16)
	at amazing.code.LoggingAspect.logMethodAccess(LoggingAspect.java:16)
	at amazing.code.LoggingAspect.logMethodAccess(LoggingAspect.java:16)
	at amazing.code.LoggingAspect.logMethodAccess(LoggingAspect.java:16)
	at amazing.code.LoggingAspect.logMethodAccess(LoggingAspect.java:16)
	at amazing.code.LoggingAspect.logMethodAccess(LoggingAspect.java:16)
	at amazing.code.LoggingAspect.logMethodAccess(LoggingAspect.java:16)
	at amazing.code.LoggingAspect.logMethodAccess(LoggingAspect.java:16)
	at amazing.code.LoggingAspect.logMethodAccess(LoggingAspect.java:16)
	at amazing.code.LoggingAspect.logMethodAccess(LoggingAspect.java:16)
	at amazing.code.LoggingAspect.logMethodAccess(LoggingAspect.java:16)
	at amazing.code.LoggingAspect.logMethodAccess(LoggingAspect.java:16)
	at amazing.code.LoggingAspect.logMethodAccess(LoggingAspect.java:16)
	at amazing.code.LoggingAspect.logMethodAccess(LoggingAspect.java:16)
	at amazing.code.LoggingAspect.logMethodAccess(LoggingAspect.java:16)
	at amazing.code.LoggingAspect.logMethodAccess(LoggingAspect.java:16)
	at amazing.code.LoggingAspect.logMethodAccess(LoggingAspect.java:16)
	at amazing.code.LoggingAspect.logMethodAccess(LoggingAspect.java:16)
	at amazing.code.LoggingAspect.logMethodAccess(LoggingAspect.java:16)
	at amazing.code.LoggingAspect.logMethodAccess(LoggingAspect.java:16)
	at amazing.code.LoggingAspect.logMethodAccess(LoggingAspect.java:16)
	at amazing.code.LoggingAspect.logMethodAccess(LoggingAspect.java:16)
	at amazing.code.LoggingAspect.logMethodAccess(LoggingAspect.java:16)
	at amazing.code.LoggingAspect.logMethodAccess(LoggingAspect.java:16)
	at amazing.code.LoggingAspect.logMethodAccess(LoggingAspect.java:16)
	at amazing.code.LoggingAspect.logMethodAccess(LoggingAspect.java:16)
	at amazing.code.LoggingAspect.logMethodAccess(LoggingAspect.java:16)
	at amazing.code.LoggingAspect.logMethodAccess(LoggingAspect.java:16)
	at amazing.code.LoggingAspect.logMethodAccess(LoggingAspect.java:16)
	at amazing.code.LoggingAspect.logMethodAccess(LoggingAspect.java:16)
	at amazing.code.LoggingAspect.logMethodAccess(LoggingAspect.java:16)
	at amazing.code.LoggingAspect.logMethodAccess(LoggingAspect.java:16)
	at amazing.code.LoggingAspect.logMethodAccess(LoggingAspect.java:16)
	at amazing.code.LoggingAspect.logMethodAccess(LoggingAspect.java:16)
	at amazing.code.LoggingAspect.logMethodAccess(LoggingAspect.java:16)
	at amazing.code.LoggingAspect.logMethodAccess(LoggingAspect.java:16)
	at amazing.code.LoggingAspect.logMethodAccess(LoggingAspect.java:16)
	at amazing.code.LoggingAspect.logMethodAccess(LoggingAspect.java:16)
	at amazing.code.LoggingAspect.logMethodAccess(LoggingAspect.java:16)
	at amazing.code.LoggingAspect.logMethodAccess(LoggingAspect.java:16)
	at amazing.code.LoggingAspect.logMethodAccess(LoggingAspect.java:16)
	at amazing.code.LoggingAspect.logMethodAccess(LoggingAspect.java:16)
	at amazing.code.LoggingAspect.logMethodAccess(LoggingAspect.java:16)
	at amazing.code.LoggingAspect.logMethodAccess(LoggingAspect.java:16)
	at amazing.code.LoggingAspect.logMethodAccess(LoggingAspect.java:16)
	at amazing.code.LoggingAspect.logMethodAccess(LoggingAspect.java:16)
	at amazing.code.LoggingAspect.logMethodAccess(LoggingAspect.java:16)
	at amazing.code.LoggingAspect.logMethodAccess(LoggingAspect.java:16)
	at amazing.code.LoggingAspect.logMethodAccess(LoggingAspect.java:16)
	at amazing.code.LoggingAspect.logMethodAccess(LoggingAspect.java:16)
	at amazing.code.LoggingAspect.logMethodAccess(LoggingAspect.java:16)
	at amazing.code.LoggingAspect.logMethodAccess(LoggingAspect.java:16)
	at amazing.code.LoggingAspect.logMethodAccess(LoggingAspect.java:16)
	at amazing.code.LoggingAspect.logMethodAccess(LoggingAspect.java:16)
	at amazing.code.LoggingAspect.logMethodAccess(LoggingAspect.java:16)
	at amazing.code.LoggingAspect.logMethodAccess(LoggingAspect.java:16)
	at amazing.code.LoggingAspect.logMethodAccess(LoggingAspect.java:16)
	at amazing.code.LoggingAspect.logMethodAccess(LoggingAspect.java:16)
	at amazing.code.LoggingAspect.logMethodAccess(LoggingAspect.java:16)
	at amazing.code.LoggingAspect.logMethodAccess(LoggingAspect.java:16)
	at amazing.code.LoggingAspect.logMethodAccess(LoggingAspect.java:16)
	at amazing.code.LoggingAspect.logMethodAccess(LoggingAspect.java:16)
	at amazing.code.LoggingAspect.logMethodAccess(LoggingAspect.java:16)
	at amazing.code.LoggingAspect.logMethodAccess(LoggingAspect.java:16)
	at amazing.code.LoggingAspect.logMethodAccess(LoggingAspect.java:16)
	at amazing.code.LoggingAspect.logMethodAccess(LoggingAspect.java:16)
	at amazing.code.LoggingAspect.logMethodAccess(LoggingAspect.java:16)
	at amazing.code.LoggingAspect.logMethodAccess(LoggingAspect.java:16)
	at amazing.code.LoggingAspect.logMethodAccess(LoggingAspect.java:16)
	at amazing.code.LoggingAspect.logMethodAccess(LoggingAspect.java:16)
	at amazing.code.LoggingAspect.logMethodAccess(LoggingAspect.java:16)
	at amazing.code.LoggingAspect.logMethodAccess(LoggingAspect.java:16)
	at amazing.code.LoggingAspect.logMethodAccess(LoggingAspect.java:16)
	at amazing.code.LoggingAspect.logMethodAccess(LoggingAspect.java:16)
	at amazing.code.LoggingAspect.logMethodAccess(LoggingAspect.java:16)
	at amazing.code.LoggingAspect.logMethodAccess(LoggingAspect.java:16)
	at amazing.code.LoggingAspect.logMethodAccess(LoggingAspect.java:16)
	at amazing.code.LoggingAspect.logMethodAccess(LoggingAspect.java:16)
	at amazing.code.LoggingAspect.logMethodAccess(LoggingAspect.java:16)
</error>
  </testcase>
</testsuite>